#
# There is insufficient memory for the Java Runtime Environment to continue.
# Native memory allocation (mmap) failed to map 96468992 bytes. Error detail: G1 virtual space
# Possible reasons:
#   The system is out of physical RAM or swap space
#   This process is running with CompressedOops enabled, and the Java Heap may be blocking the growth of the native heap
# Possible solutions:
#   Reduce memory load on the system
#   Increase physical memory or swap space
#   Check if swap backing store is full
#   Decrease Java heap size (-Xmx/-Xms)
#   Decrease number of Java threads
#   Decrease Java thread stack sizes (-Xss)
#   Set larger code cache with -XX:ReservedCodeCacheSize=
#   JVM is running with Unscaled Compressed Oops mode in which the Java heap is
#     placed in the first 4GB address space. The Java Heap base address is the
#     maximum limit for the native heap growth. Please use -XX:HeapBaseMinAddress
#     to set the Java Heap base and to place the Java Heap above 4GB virtual address.
# This output file may be truncated or incomplete.
#
#  Out of Memory Error (os_windows.cpp:3825), pid=55468, tid=55520
#
# JRE version:  (17.0.11) (build )
# Java VM: OpenJDK 64-Bit Server VM (17.0.11+0--11852314, mixed mode, sharing, tiered, compressed oops, compressed class ptrs, g1 gc, windows-amd64)
# No core dump will be written. Minidumps are not enabled by default on client versions of Windows
#

---------------  S U M M A R Y ------------

Command Line: 

Host: AMD Ryzen 3 7320U with Radeon Graphics         , 8 cores, 5G,  Windows 11 , 64 bit Build 22621 (10.0.22621.3958)
Time: Sat Oct 19 21:39:24 2024 SE Asia Standard Time elapsed time: 0.207567 seconds (0d 0h 0m 0s)

---------------  T H R E A D  ---------------

Current thread (0x0000018bfcbae830):  JavaThread "Unknown thread" [_thread_in_vm, id=55520, stack(0x000000585b400000,0x000000585b500000)]

Stack: [0x000000585b400000,0x000000585b500000]
Native frames: (J=compiled Java code, j=interpreted, Vv=VM code, C=native code)
V  [jvm.dll+0x687bb9]
V  [jvm.dll+0x84142a]
V  [jvm.dll+0x8430ae]
V  [jvm.dll+0x843713]
V  [jvm.dll+0x24a35f]
V  [jvm.dll+0x684989]
V  [jvm.dll+0x67923a]
V  [jvm.dll+0x30af0b]
V  [jvm.dll+0x3123b6]
V  [jvm.dll+0x361dfe]
V  [jvm.dll+0x36202f]
V  [jvm.dll+0x2e0d38]
V  [jvm.dll+0x2e1ca4]
V  [jvm.dll+0x811f21]
V  [jvm.dll+0x36fb68]
V  [jvm.dll+0x7f0896]
V  [jvm.dll+0x3f3d2f]
V  [jvm.dll+0x3f58e1]
C  [jli.dll+0x528f]
C  [ucrtbase.dll+0x29333]
C  [KERNEL32.DLL+0x1257d]
C  [ntdll.dll+0x5af08]


---------------  P R O C E S S  ---------------

Threads class SMR info:
_java_thread_list=0x00007ffa7bfbefd8, length=0, elements={
}

Java Threads: ( => current thread )

Other Threads:
  0x0000018bfcbf6e00 GCTaskThread "GC Thread#0" [stack: 0x000000585b500000,0x000000585b600000] [id=55532]
  0x0000018bfcc03cb0 ConcurrentGCThread "G1 Main Marker" [stack: 0x000000585b600000,0x000000585b700000] [id=55536]
  0x0000018bfcc046d0 ConcurrentGCThread "G1 Conc#0" [stack: 0x000000585b700000,0x000000585b800000] [id=55540]

[error occurred during error reporting (printing all threads), id 0xc0000005, EXCEPTION_ACCESS_VIOLATION (0xc0000005) at pc=0x00007ffa7b771907]

VM state: not at safepoint (not fully initialized)

VM Mutex/Monitor currently owned by a thread:  ([mutex/lock_event])
[0x0000018bfcbad0b0] Heap_lock - owner thread: 0x0000018bfcbae830

Heap address: 0x00000000a4200000, size: 1470 MB, Compressed Oops mode: 32-bit

CDS archive(s) mapped at: [0x0000000000000000-0x0000000000000000-0x0000000000000000), size 0, SharedBaseAddress: 0x0000000800000000, ArchiveRelocationMode: 1.
Narrow klass base: 0x0000000000000000, Narrow klass shift: 0, Narrow klass range: 0x0

GC Precious Log:
<Empty>

Heap:
 garbage-first heap   total 0K, used 0K [0x00000000a4200000, 0x0000000100000000)
  region size 1024K, 0 young (0K), 0 survivors (0K)
 Metaspace       used 0K, committed 0K, reserved 0K
  class space    used 0K, committed 0K, reserved 0K

Heap Regions: E=young(eden), S=young(survivor), O=old, HS=humongous(starts), HC=humongous(continues), CS=collection set, F=free, OA=open archive, CA=closed archive, TAMS=top-at-mark-start (previous, next)

Card table byte_map: [0x0000018bfd270000,0x0000018bfd550000] _byte_map_base: 0x0000018bfcd4f000

Marking Bits (Prev, Next): (CMBitMap*) 0x0000018bfcbf7420, (CMBitMap*) 0x0000018bfcbf7460
 Prev Bits: [0x0000018bfd830000, 0x0000018bfef28000)
 Next Bits: [0x0000018b92420000, 0x0000018b93b18000)

GC Heap History (0 events):
No events

Dll operation events (1 events):
Event: 0.159 Loaded shared library C:\Program Files\Android\Android Studio\jbr\bin\java.dll

Deoptimization events (0 events):
No events

Classes unloaded (0 events):
No events

Classes redefined (0 events):
No events

Internal exceptions (0 events):
No events

VM Operations (0 events):
No events

Events (0 events):
No events


Dynamic libraries:
0x00007ff6792b0000 - 0x00007ff6792ba000 	C:\Program Files\Android\Android Studio\jbr\bin\java.EXE
0x00007ffacf470000 - 0x00007ffacf687000 	C:\Windows\SYSTEM32\ntdll.dll
0x00007ffacd1a0000 - 0x00007ffacd264000 	C:\Windows\System32\KERNEL32.DLL
0x00007ffacca80000 - 0x00007ffacce37000 	C:\Windows\System32\KERNELBASE.dll
0x00007ffacce40000 - 0x00007ffaccf51000 	C:\Windows\System32\ucrtbase.dll
0x00007ffaac1a0000 - 0x00007ffaac1bb000 	C:\Program Files\Android\Android Studio\jbr\bin\VCRUNTIME140.dll
0x00007ffaab7c0000 - 0x00007ffaab7d7000 	C:\Program Files\Android\Android Studio\jbr\bin\jli.dll
0x00007ffacdc60000 - 0x00007ffacde0f000 	C:\Windows\System32\USER32.dll
0x00007ffaccf60000 - 0x00007ffaccf86000 	C:\Windows\System32\win32u.dll
0x00007ffacecf0000 - 0x00007ffaced19000 	C:\Windows\System32\GDI32.dll
0x00007ffab8a60000 - 0x00007ffab8cf3000 	C:\Windows\WinSxS\amd64_microsoft.windows.common-controls_6595b64144ccf1df_6.0.22621.3672_none_2713b9d173822955\COMCTL32.dll
0x00007ffacc870000 - 0x00007ffacc988000 	C:\Windows\System32\gdi32full.dll
0x00007ffaccf90000 - 0x00007ffacd02a000 	C:\Windows\System32\msvcp_win.dll
0x00007fface950000 - 0x00007fface9f7000 	C:\Windows\System32\msvcrt.dll
0x00007ffacde10000 - 0x00007ffacde41000 	C:\Windows\System32\IMM32.DLL
0x00007ffac1c70000 - 0x00007ffac1c7c000 	C:\Program Files\Android\Android Studio\jbr\bin\vcruntime140_1.dll
0x00007ffa8f620000 - 0x00007ffa8f6ad000 	C:\Program Files\Android\Android Studio\jbr\bin\msvcp140.dll
0x00007ffa7b480000 - 0x00007ffa7c103000 	C:\Program Files\Android\Android Studio\jbr\bin\server\jvm.dll
0x00007fface020000 - 0x00007fface0d2000 	C:\Windows\System32\ADVAPI32.dll
0x00007ffaceb40000 - 0x00007ffacebe8000 	C:\Windows\System32\sechost.dll
0x00007ffacc990000 - 0x00007ffacc9b8000 	C:\Windows\System32\bcrypt.dll
0x00007ffacf310000 - 0x00007ffacf424000 	C:\Windows\System32\RPCRT4.dll
0x00007ffaadad0000 - 0x00007ffaadad9000 	C:\Windows\SYSTEM32\WSOCK32.dll
0x00007ffac7d20000 - 0x00007ffac7d54000 	C:\Windows\SYSTEM32\WINMM.dll
0x00007ffacc4a0000 - 0x00007ffacc4ed000 	C:\Windows\SYSTEM32\POWRPROF.dll
0x00007ffac08e0000 - 0x00007ffac08ea000 	C:\Windows\SYSTEM32\VERSION.dll
0x00007ffacdaf0000 - 0x00007ffacdb61000 	C:\Windows\System32\WS2_32.dll
0x00007ffacc420000 - 0x00007ffacc433000 	C:\Windows\SYSTEM32\UMPDC.dll
0x00007ffacb7d0000 - 0x00007ffacb7e8000 	C:\Windows\SYSTEM32\kernel.appcore.dll
0x00007ffab7fc0000 - 0x00007ffab7fca000 	C:\Program Files\Android\Android Studio\jbr\bin\jimage.dll
0x00007ffaca150000 - 0x00007ffaca382000 	C:\Windows\SYSTEM32\DBGHELP.DLL
0x00007ffaced20000 - 0x00007ffacf0ae000 	C:\Windows\System32\combase.dll
0x00007ffacea00000 - 0x00007ffacead7000 	C:\Windows\System32\OLEAUT32.dll
0x00007ffab35a0000 - 0x00007ffab35d2000 	C:\Windows\SYSTEM32\dbgcore.DLL
0x00007ffacc7f0000 - 0x00007ffacc86b000 	C:\Windows\System32\bcryptPrimitives.dll
0x00007ffaab790000 - 0x00007ffaab7b5000 	C:\Program Files\Android\Android Studio\jbr\bin\java.dll

dbghelp: loaded successfully - version: 4.0.5 - missing functions: none
symbol engine: initialized successfully - sym options: 0x614 - pdb path: .;C:\Program Files\Android\Android Studio\jbr\bin;C:\Windows\SYSTEM32;C:\Windows\WinSxS\amd64_microsoft.windows.common-controls_6595b64144ccf1df_6.0.22621.3672_none_2713b9d173822955;C:\Program Files\Android\Android Studio\jbr\bin\server

VM Arguments:
java_command: <unknown>
java_class_path (initial): <not set>
Launcher Type: SUN_STANDARD

[Global flags]
     intx CICompilerCount                          = 4                                         {product} {ergonomic}
     uint ConcGCThreads                            = 2                                         {product} {ergonomic}
     uint G1ConcRefinementThreads                  = 8                                         {product} {ergonomic}
   size_t G1HeapRegionSize                         = 1048576                                   {product} {ergonomic}
    uintx GCDrainStackTargetSize                   = 64                                        {product} {ergonomic}
   size_t InitialHeapSize                          = 96468992                                  {product} {ergonomic}
   size_t MarkStackSize                            = 4194304                                   {product} {ergonomic}
   size_t MaxHeapSize                              = 1541406720                                {product} {ergonomic}
   size_t MinHeapDeltaBytes                        = 1048576                                   {product} {ergonomic}
   size_t MinHeapSize                              = 8388608                                   {product} {ergonomic}
    uintx NonNMethodCodeHeapSize                   = 5839372                                {pd product} {ergonomic}
    uintx NonProfiledCodeHeapSize                  = 122909434                              {pd product} {ergonomic}
    uintx ProfiledCodeHeapSize                     = 122909434                              {pd product} {ergonomic}
    uintx ReservedCodeCacheSize                    = 251658240                              {pd product} {ergonomic}
     bool SegmentedCodeCache                       = true                                      {product} {ergonomic}
   size_t SoftMaxHeapSize                          = 1541406720                             {manageable} {ergonomic}
     bool UseCompressedClassPointers               = true                           {product lp64_product} {ergonomic}
     bool UseCompressedOops                        = true                           {product lp64_product} {ergonomic}
     bool UseG1GC                                  = true                                      {product} {ergonomic}
     bool UseLargePagesIndividualAllocation        = false                                  {pd product} {ergonomic}

Logging:
Log output configuration:
 #0: stdout all=warning uptime,level,tags
 #1: stderr all=off uptime,level,tags

Environment Variables:
JAVA_HOME=C:\Program Files\Android\Android Studio\jbr
PATH=C:\Program Files\Android\Android Studio\jbr\bin;C:\Program Files\Common Files\Oracle\Java\javapath;C:\Program Files (x86)\Common Files\Oracle\Java\javapath;C:\Windows\system32;C:\Windows;C:\Windows\System32\Wbem;C:\Windows\System32\WindowsPowerShell\v1.0\;C:\Windows\System32\OpenSSH\;C:\Program Files\Graphviz\bin;C:\Users\LENOVO\Downloads\graphviz-11.0.0 (1);C:\ProgramData\ComposerSetup\bin;C:\XAMPP 8.2\php;C:\XAMPP8.2\php;C:\xampp\php;C:\Program Files\nodejs\;C:\Users\LENOVO\AppData\Local\Programs\Python\Python311\Scripts\;C:\Users\LENOVO\AppData\Local\Programs\Python\Python311\;C:\Users\LENOVO\AppData\Local\Microsoft\WindowsApps;C:\Users\LENOVO\AppData\Local\Programs\Microsoft VS Code\bin;C:\Users\LENOVO\Downloads\flutter_windows_3.24.3-stable.zip\flutter\bin;D:\SEMESTER 5\Pemrograman Mobile\Flutter\flutter_windows_3.24.3-stable.zip\flutter\bin;C:\Flutter\flutter_windows_3.24.3-stable\flutter\bin;C:\Program Files\php-8.3 11;C:\Users\LENOVO\AppData\Roaming\Composer\vendor\bin;C:\Users\LENOVO\AppData\Roaming\npm;C:\Program Files\nodejs;;C:\Flutter\flutter_windows_3.24.3-stable\flutter\bin\mingit\cmd;C:\Flutter\flutter_windows_3.24.3-stable\flutter\bin\mingit\cmd
USERNAME=LENOVO
OS=Windows_NT
PROCESSOR_IDENTIFIER=AMD64 Family 23 Model 160 Stepping 0, AuthenticAMD
TMP=C:\Users\LENOVO\AppData\Local\Temp
TEMP=C:\Users\LENOVO\AppData\Local\Temp



Periodic native trim disabled

JNI global refs:
JNI global refs: 0, weak refs: 0

JNI global refs memory usage: 0, weak refs: 0

Process memory usage:
Resident Set Size: 11024K (0% of 6018300K total physical memory with 9440K free physical memory)

OOME stack traces (most recent first):
Classloader memory used:


---------------  S Y S T E M  ---------------

OS:
 Windows 11 , 64 bit Build 22621 (10.0.22621.3958)
OS uptime: 0 days 3:46 hours
Hyper-V role detected

CPU: total 8 (initial active 8) (8 cores per cpu, 2 threads per core) family 23 model 160 stepping 0 microcode 0x0, cx8, cmov, fxsr, ht, mmx, 3dnowpref, sse, sse2, sse3, ssse3, sse4a, sse4.1, sse4.2, popcnt, lzcnt, tsc, tscinvbit, avx, avx2, aes, clmul, bmi1, bmi2, adx, sha, fma, vzeroupper, clflush, clflushopt, hv
Processor Information for all 8 processors :
  Max Mhz: 2401, Current Mhz: 2401, Mhz Limit: 2401

Memory: 4k page, system-wide physical 5877M (9M free)
TotalPageFile size 20874M (AvailPageFile size 32M)
current process WorkingSet (physical memory assigned to process): 10M, peak: 10M
current process commit charge ("private bytes"): 60M, peak: 152M

vm_info: OpenJDK 64-Bit Server VM (17.0.11+0--11852314) for windows-amd64 JRE (17.0.11+0--11852314), built on May 16 2024 21:29:20 by "androidbuild" with MS VC++ 16.10 / 16.11 (VS2019)

END.
