#
# There is insufficient memory for the Java Runtime Environment to continue.
# Native memory allocation (malloc) failed to allocate 507248 bytes. Error detail: Chunk::new
# Possible reasons:
#   The system is out of physical RAM or swap space
#   This process is running with CompressedOops enabled, and the Java Heap may be blocking the growth of the native heap
# Possible solutions:
#   Reduce memory load on the system
#   Increase physical memory or swap space
#   Check if swap backing store is full
#   Decrease Java heap size (-Xmx/-Xms)
#   Decrease number of Java threads
#   Decrease Java thread stack sizes (-Xss)
#   Set larger code cache with -XX:ReservedCodeCacheSize=
#   JVM is running with Unscaled Compressed Oops mode in which the Java heap is
#     placed in the first 4GB address space. The Java Heap base address is the
#     maximum limit for the native heap growth. Please use -XX:HeapBaseMinAddress
#     to set the Java Heap base and to place the Java Heap above 4GB virtual address.
# This output file may be truncated or incomplete.
#
#  Out of Memory Error (arena.cpp:191), pid=27072, tid=20836
#
# JRE version: OpenJDK Runtime Environment (17.0.11) (build 17.0.11+0--11852314)
# Java VM: OpenJDK 64-Bit Server VM (17.0.11+0--11852314, mixed mode, tiered, compressed oops, compressed class ptrs, g1 gc, windows-amd64)
# No core dump will be written. Minidumps are not enabled by default on client versions of Windows
#

---------------  S U M M A R Y ------------

Command Line: org.jetbrains.kotlin.cli.jvm.K2JVMCompiler @D:\SEMESTER 5\Pemrograman Mobile\uidesigntocode_2\uidesigntocode_2\build\app\20241020_9835874079447786261.compiler.options

Host: AMD Ryzen 3 7320U with Radeon Graphics         , 8 cores, 5G,  Windows 11 , 64 bit Build 22621 (10.0.22621.3958)
Time: Sun Oct 20 09:52:07 2024 SE Asia Standard Time elapsed time: 1.281147 seconds (0d 0h 0m 1s)

---------------  T H R E A D  ---------------

Current thread (0x000001beff7d53c0):  JavaThread "C2 CompilerThread2" daemon [_thread_in_native, id=20836, stack(0x000000a659d00000,0x000000a659e00000)]


Current CompileTask:
C2:   1281 1610   !   4       jdk.internal.loader.URLClassPath$JarLoader::getResource (65 bytes)

Stack: [0x000000a659d00000,0x000000a659e00000]
Native frames: (J=compiled Java code, j=interpreted, Vv=VM code, C=native code)
V  [jvm.dll+0x687bb9]
V  [jvm.dll+0x84142a]
V  [jvm.dll+0x8430ae]
V  [jvm.dll+0x843713]
V  [jvm.dll+0x24a35f]
V  [jvm.dll+0xac544]
V  [jvm.dll+0xacb8c]
V  [jvm.dll+0x369c37]
V  [jvm.dll+0x1be126]
V  [jvm.dll+0x21c029]
V  [jvm.dll+0x21b311]
V  [jvm.dll+0x1a63ed]
V  [jvm.dll+0x22b1ee]
V  [jvm.dll+0x229375]
V  [jvm.dll+0x7f5647]
V  [jvm.dll+0x7efa4a]
V  [jvm.dll+0x686a35]
C  [ucrtbase.dll+0x29333]
C  [KERNEL32.DLL+0x1257d]
C  [ntdll.dll+0x5af08]


---------------  P R O C E S S  ---------------

Threads class SMR info:
_java_thread_list=0x000001beff789f20, length=14, elements={
0x000001bee224fc20, 0x000001befab69260, 0x000001beff010830, 0x000001befab55df0,
0x000001beff0373e0, 0x000001beff037f00, 0x000001beff039870, 0x000001beff03b1c0,
0x000001beff05b030, 0x000001beff07d4b0, 0x000001beff1d1410, 0x000001beff1d9bc0,
0x000001beff2610a0, 0x000001beff7d53c0
}

Java Threads: ( => current thread )
  0x000001bee224fc20 JavaThread "main" [_thread_in_native, id=27040, stack(0x000000a658500000,0x000000a658600000)]
  0x000001befab69260 JavaThread "Reference Handler" daemon [_thread_blocked, id=27172, stack(0x000000a658c00000,0x000000a658d00000)]
  0x000001beff010830 JavaThread "Finalizer" daemon [_thread_blocked, id=1504, stack(0x000000a658d00000,0x000000a658e00000)]
  0x000001befab55df0 JavaThread "Signal Dispatcher" daemon [_thread_blocked, id=27168, stack(0x000000a658e00000,0x000000a658f00000)]
  0x000001beff0373e0 JavaThread "Attach Listener" daemon [_thread_blocked, id=27208, stack(0x000000a658f00000,0x000000a659000000)]
  0x000001beff037f00 JavaThread "Service Thread" daemon [_thread_blocked, id=27244, stack(0x000000a659000000,0x000000a659100000)]
  0x000001beff039870 JavaThread "Monitor Deflation Thread" daemon [_thread_blocked, id=27248, stack(0x000000a659100000,0x000000a659200000)]
  0x000001beff03b1c0 JavaThread "C2 CompilerThread0" daemon [_thread_blocked, id=27240, stack(0x000000a659200000,0x000000a659300000)]
  0x000001beff05b030 JavaThread "C1 CompilerThread0" daemon [_thread_blocked, id=27236, stack(0x000000a659300000,0x000000a659400000)]
  0x000001beff07d4b0 JavaThread "Sweeper thread" daemon [_thread_blocked, id=21780, stack(0x000000a659400000,0x000000a659500000)]
  0x000001beff1d1410 JavaThread "Notification Thread" daemon [_thread_blocked, id=27416, stack(0x000000a659500000,0x000000a659600000)]
  0x000001beff1d9bc0 JavaThread "Common-Cleaner" daemon [_thread_blocked, id=27412, stack(0x000000a659700000,0x000000a659800000)]
  0x000001beff2610a0 JavaThread "C2 CompilerThread1" daemon [_thread_blocked, id=27452, stack(0x000000a659800000,0x000000a659900000)]
=>0x000001beff7d53c0 JavaThread "C2 CompilerThread2" daemon [_thread_in_native, id=20836, stack(0x000000a659d00000,0x000000a659e00000)]

Other Threads:
  0x000001befab44840 VMThread "VM Thread" [stack: 0x000000a658b00000,0x000000a658c00000] [id=27136]
  0x000001beff1d5910 WatcherThread [stack: 0x000000a659600000,0x000000a659700000] [id=27420]
  0x000001bee229a9f0 GCTaskThread "GC Thread#0" [stack: 0x000000a658600000,0x000000a658700000] [id=27156]
  0x000001beff776810 GCTaskThread "GC Thread#1" [stack: 0x000000a659900000,0x000000a659a00000] [id=27400]
  0x000001beff7bed30 GCTaskThread "GC Thread#2" [stack: 0x000000a659a00000,0x000000a659b00000] [id=27436]
  0x000001beff7beff0 GCTaskThread "GC Thread#3" [stack: 0x000000a659b00000,0x000000a659c00000] [id=27440]
  0x000001beff7cd4b0 GCTaskThread "GC Thread#4" [stack: 0x000000a659c00000,0x000000a659d00000] [id=27432]
  0x000001bee22a7910 ConcurrentGCThread "G1 Main Marker" [stack: 0x000000a658700000,0x000000a658800000] [id=27152]
  0x000001bee22a8330 ConcurrentGCThread "G1 Conc#0" [stack: 0x000000a658800000,0x000000a658900000] [id=27192]
  0x000001bee22fd950 ConcurrentGCThread "G1 Refine#0" [stack: 0x000000a658900000,0x000000a658a00000] [id=27188]
  0x000001bee22fe380 ConcurrentGCThread "G1 Service" [stack: 0x000000a658a00000,0x000000a658b00000] [id=27184]

Threads with active compile tasks:
C2 CompilerThread2     1293 1610   !   4       jdk.internal.loader.URLClassPath$JarLoader::getResource (65 bytes)

VM state: not at safepoint (normal execution)

VM Mutex/Monitor currently owned by a thread: None

Heap address: 0x00000000a4200000, size: 1470 MB, Compressed Oops mode: 32-bit

CDS archive(s) not mapped
Compressed class space mapped at: 0x0000000100000000-0x0000000140000000, reserved size: 1073741824
Narrow klass base: 0x0000000000000000, Narrow klass shift: 3, Narrow klass range: 0x140000000

GC Precious Log:
 CPUs: 8 total, 8 available
 Memory: 5877M
 Large Page Support: Disabled
 NUMA Support: Disabled
 Compressed Oops: Enabled (32-bit)
 Heap Region Size: 1M
 Heap Min Capacity: 8M
 Heap Initial Capacity: 92M
 Heap Max Capacity: 1470M
 Pre-touch: Disabled
 Parallel Workers: 8
 Concurrent Workers: 2
 Concurrent Refinement Workers: 8
 Periodic GC: Disabled

Heap:
 garbage-first heap   total 94208K, used 32768K [0x00000000a4200000, 0x0000000100000000)
  region size 1024K, 29 young (29696K), 3 survivors (3072K)
 Metaspace       used 19622K, committed 19776K, reserved 1114112K
  class space    used 2121K, committed 2176K, reserved 1048576K

Heap Regions: E=young(eden), S=young(survivor), O=old, HS=humongous(starts), HC=humongous(continues), CS=collection set, F=free, OA=open archive, CA=closed archive, TAMS=top-at-mark-start (previous, next)
|   0|0x00000000a4200000, 0x00000000a4300000, 0x00000000a4300000|100%|HS|  |TAMS 0x00000000a4200000, 0x00000000a4200000| Complete 
|   1|0x00000000a4300000, 0x00000000a4400000, 0x00000000a4400000|100%|HC|  |TAMS 0x00000000a4300000, 0x00000000a4300000| Complete 
|   2|0x00000000a4400000, 0x00000000a4500000, 0x00000000a4500000|100%|HC|  |TAMS 0x00000000a4400000, 0x00000000a4400000| Complete 
|   3|0x00000000a4500000, 0x00000000a4600000, 0x00000000a4600000|100%|HC|  |TAMS 0x00000000a4500000, 0x00000000a4500000| Complete 
|   4|0x00000000a4600000, 0x00000000a4600000, 0x00000000a4700000|  0%| F|  |TAMS 0x00000000a4600000, 0x00000000a4600000| Untracked 
|   5|0x00000000a4700000, 0x00000000a4700000, 0x00000000a4800000|  0%| F|  |TAMS 0x00000000a4700000, 0x00000000a4700000| Untracked 
|   6|0x00000000a4800000, 0x00000000a4800000, 0x00000000a4900000|  0%| F|  |TAMS 0x00000000a4800000, 0x00000000a4800000| Untracked 
|   7|0x00000000a4900000, 0x00000000a4900000, 0x00000000a4a00000|  0%| F|  |TAMS 0x00000000a4900000, 0x00000000a4900000| Untracked 
|   8|0x00000000a4a00000, 0x00000000a4a00000, 0x00000000a4b00000|  0%| F|  |TAMS 0x00000000a4a00000, 0x00000000a4a00000| Untracked 
|   9|0x00000000a4b00000, 0x00000000a4b00000, 0x00000000a4c00000|  0%| F|  |TAMS 0x00000000a4b00000, 0x00000000a4b00000| Untracked 
|  10|0x00000000a4c00000, 0x00000000a4c00000, 0x00000000a4d00000|  0%| F|  |TAMS 0x00000000a4c00000, 0x00000000a4c00000| Untracked 
|  11|0x00000000a4d00000, 0x00000000a4d00000, 0x00000000a4e00000|  0%| F|  |TAMS 0x00000000a4d00000, 0x00000000a4d00000| Untracked 
|  12|0x00000000a4e00000, 0x00000000a4e00000, 0x00000000a4f00000|  0%| F|  |TAMS 0x00000000a4e00000, 0x00000000a4e00000| Untracked 
|  13|0x00000000a4f00000, 0x00000000a4f00000, 0x00000000a5000000|  0%| F|  |TAMS 0x00000000a4f00000, 0x00000000a4f00000| Untracked 
|  14|0x00000000a5000000, 0x00000000a5000000, 0x00000000a5100000|  0%| F|  |TAMS 0x00000000a5000000, 0x00000000a5000000| Untracked 
|  15|0x00000000a5100000, 0x00000000a5100000, 0x00000000a5200000|  0%| F|  |TAMS 0x00000000a5100000, 0x00000000a5100000| Untracked 
|  16|0x00000000a5200000, 0x00000000a5200000, 0x00000000a5300000|  0%| F|  |TAMS 0x00000000a5200000, 0x00000000a5200000| Untracked 
|  17|0x00000000a5300000, 0x00000000a5300000, 0x00000000a5400000|  0%| F|  |TAMS 0x00000000a5300000, 0x00000000a5300000| Untracked 
|  18|0x00000000a5400000, 0x00000000a5400000, 0x00000000a5500000|  0%| F|  |TAMS 0x00000000a5400000, 0x00000000a5400000| Untracked 
|  19|0x00000000a5500000, 0x00000000a5500000, 0x00000000a5600000|  0%| F|  |TAMS 0x00000000a5500000, 0x00000000a5500000| Untracked 
|  20|0x00000000a5600000, 0x00000000a5600000, 0x00000000a5700000|  0%| F|  |TAMS 0x00000000a5600000, 0x00000000a5600000| Untracked 
|  21|0x00000000a5700000, 0x00000000a5700000, 0x00000000a5800000|  0%| F|  |TAMS 0x00000000a5700000, 0x00000000a5700000| Untracked 
|  22|0x00000000a5800000, 0x00000000a5800000, 0x00000000a5900000|  0%| F|  |TAMS 0x00000000a5800000, 0x00000000a5800000| Untracked 
|  23|0x00000000a5900000, 0x00000000a5900000, 0x00000000a5a00000|  0%| F|  |TAMS 0x00000000a5900000, 0x00000000a5900000| Untracked 
|  24|0x00000000a5a00000, 0x00000000a5a00000, 0x00000000a5b00000|  0%| F|  |TAMS 0x00000000a5a00000, 0x00000000a5a00000| Untracked 
|  25|0x00000000a5b00000, 0x00000000a5b00000, 0x00000000a5c00000|  0%| F|  |TAMS 0x00000000a5b00000, 0x00000000a5b00000| Untracked 
|  26|0x00000000a5c00000, 0x00000000a5c00000, 0x00000000a5d00000|  0%| F|  |TAMS 0x00000000a5c00000, 0x00000000a5c00000| Untracked 
|  27|0x00000000a5d00000, 0x00000000a5d00000, 0x00000000a5e00000|  0%| F|  |TAMS 0x00000000a5d00000, 0x00000000a5d00000| Untracked 
|  28|0x00000000a5e00000, 0x00000000a5e00000, 0x00000000a5f00000|  0%| F|  |TAMS 0x00000000a5e00000, 0x00000000a5e00000| Untracked 
|  29|0x00000000a5f00000, 0x00000000a5f00000, 0x00000000a6000000|  0%| F|  |TAMS 0x00000000a5f00000, 0x00000000a5f00000| Untracked 
|  30|0x00000000a6000000, 0x00000000a6000000, 0x00000000a6100000|  0%| F|  |TAMS 0x00000000a6000000, 0x00000000a6000000| Untracked 
|  31|0x00000000a6100000, 0x00000000a6100000, 0x00000000a6200000|  0%| F|  |TAMS 0x00000000a6100000, 0x00000000a6100000| Untracked 
|  32|0x00000000a6200000, 0x00000000a6200000, 0x00000000a6300000|  0%| F|  |TAMS 0x00000000a6200000, 0x00000000a6200000| Untracked 
|  33|0x00000000a6300000, 0x00000000a6300000, 0x00000000a6400000|  0%| F|  |TAMS 0x00000000a6300000, 0x00000000a6300000| Untracked 
|  34|0x00000000a6400000, 0x00000000a6400000, 0x00000000a6500000|  0%| F|  |TAMS 0x00000000a6400000, 0x00000000a6400000| Untracked 
|  35|0x00000000a6500000, 0x00000000a6500000, 0x00000000a6600000|  0%| F|  |TAMS 0x00000000a6500000, 0x00000000a6500000| Untracked 
|  36|0x00000000a6600000, 0x00000000a6600000, 0x00000000a6700000|  0%| F|  |TAMS 0x00000000a6600000, 0x00000000a6600000| Untracked 
|  37|0x00000000a6700000, 0x00000000a6700000, 0x00000000a6800000|  0%| F|  |TAMS 0x00000000a6700000, 0x00000000a6700000| Untracked 
|  38|0x00000000a6800000, 0x00000000a6800000, 0x00000000a6900000|  0%| F|  |TAMS 0x00000000a6800000, 0x00000000a6800000| Untracked 
|  39|0x00000000a6900000, 0x00000000a6900000, 0x00000000a6a00000|  0%| F|  |TAMS 0x00000000a6900000, 0x00000000a6900000| Untracked 
|  40|0x00000000a6a00000, 0x00000000a6a00000, 0x00000000a6b00000|  0%| F|  |TAMS 0x00000000a6a00000, 0x00000000a6a00000| Untracked 
|  41|0x00000000a6b00000, 0x00000000a6b00000, 0x00000000a6c00000|  0%| F|  |TAMS 0x00000000a6b00000, 0x00000000a6b00000| Untracked 
|  42|0x00000000a6c00000, 0x00000000a6c00000, 0x00000000a6d00000|  0%| F|  |TAMS 0x00000000a6c00000, 0x00000000a6c00000| Untracked 
|  43|0x00000000a6d00000, 0x00000000a6d00000, 0x00000000a6e00000|  0%| F|  |TAMS 0x00000000a6d00000, 0x00000000a6d00000| Untracked 
|  44|0x00000000a6e00000, 0x00000000a6e00000, 0x00000000a6f00000|  0%| F|  |TAMS 0x00000000a6e00000, 0x00000000a6e00000| Untracked 
|  45|0x00000000a6f00000, 0x00000000a6f00000, 0x00000000a7000000|  0%| F|  |TAMS 0x00000000a6f00000, 0x00000000a6f00000| Untracked 
|  46|0x00000000a7000000, 0x00000000a7000000, 0x00000000a7100000|  0%| F|  |TAMS 0x00000000a7000000, 0x00000000a7000000| Untracked 
|  47|0x00000000a7100000, 0x00000000a7100000, 0x00000000a7200000|  0%| F|  |TAMS 0x00000000a7100000, 0x00000000a7100000| Untracked 
|  48|0x00000000a7200000, 0x00000000a7200000, 0x00000000a7300000|  0%| F|  |TAMS 0x00000000a7200000, 0x00000000a7200000| Untracked 
|  49|0x00000000a7300000, 0x00000000a7300000, 0x00000000a7400000|  0%| F|  |TAMS 0x00000000a7300000, 0x00000000a7300000| Untracked 
|  50|0x00000000a7400000, 0x00000000a7400000, 0x00000000a7500000|  0%| F|  |TAMS 0x00000000a7400000, 0x00000000a7400000| Untracked 
|  51|0x00000000a7500000, 0x00000000a7500000, 0x00000000a7600000|  0%| F|  |TAMS 0x00000000a7500000, 0x00000000a7500000| Untracked 
|  52|0x00000000a7600000, 0x00000000a7600000, 0x00000000a7700000|  0%| F|  |TAMS 0x00000000a7600000, 0x00000000a7600000| Untracked 
|  53|0x00000000a7700000, 0x00000000a7700000, 0x00000000a7800000|  0%| F|  |TAMS 0x00000000a7700000, 0x00000000a7700000| Untracked 
|  54|0x00000000a7800000, 0x00000000a7800000, 0x00000000a7900000|  0%| F|  |TAMS 0x00000000a7800000, 0x00000000a7800000| Untracked 
|  55|0x00000000a7900000, 0x00000000a7900000, 0x00000000a7a00000|  0%| F|  |TAMS 0x00000000a7900000, 0x00000000a7900000| Untracked 
|  56|0x00000000a7a00000, 0x00000000a7a00000, 0x00000000a7b00000|  0%| F|  |TAMS 0x00000000a7a00000, 0x00000000a7a00000| Untracked 
|  57|0x00000000a7b00000, 0x00000000a7b00000, 0x00000000a7c00000|  0%| F|  |TAMS 0x00000000a7b00000, 0x00000000a7b00000| Untracked 
|  58|0x00000000a7c00000, 0x00000000a7c00000, 0x00000000a7d00000|  0%| F|  |TAMS 0x00000000a7c00000, 0x00000000a7c00000| Untracked 
|  59|0x00000000a7d00000, 0x00000000a7d00000, 0x00000000a7e00000|  0%| F|  |TAMS 0x00000000a7d00000, 0x00000000a7d00000| Untracked 
|  60|0x00000000a7e00000, 0x00000000a7e00000, 0x00000000a7f00000|  0%| F|  |TAMS 0x00000000a7e00000, 0x00000000a7e00000| Untracked 
|  61|0x00000000a7f00000, 0x00000000a7f00000, 0x00000000a8000000|  0%| F|  |TAMS 0x00000000a7f00000, 0x00000000a7f00000| Untracked 
|  62|0x00000000a8000000, 0x00000000a8000000, 0x00000000a8100000|  0%| F|  |TAMS 0x00000000a8000000, 0x00000000a8000000| Untracked 
|  63|0x00000000a8100000, 0x00000000a81823f0, 0x00000000a8200000| 50%| E|  |TAMS 0x00000000a8100000, 0x00000000a8100000| Complete 
|  64|0x00000000a8200000, 0x00000000a8300000, 0x00000000a8300000|100%| E|CS|TAMS 0x00000000a8200000, 0x00000000a8200000| Complete 
|  65|0x00000000a8300000, 0x00000000a8400000, 0x00000000a8400000|100%| E|CS|TAMS 0x00000000a8300000, 0x00000000a8300000| Complete 
|  66|0x00000000a8400000, 0x00000000a8500000, 0x00000000a8500000|100%| S|CS|TAMS 0x00000000a8400000, 0x00000000a8400000| Complete 
|  67|0x00000000a8500000, 0x00000000a8600000, 0x00000000a8600000|100%| S|CS|TAMS 0x00000000a8500000, 0x00000000a8500000| Complete 
|  68|0x00000000a8600000, 0x00000000a8700000, 0x00000000a8700000|100%| S|CS|TAMS 0x00000000a8600000, 0x00000000a8600000| Complete 
|  69|0x00000000a8700000, 0x00000000a8800000, 0x00000000a8800000|100%| E|CS|TAMS 0x00000000a8700000, 0x00000000a8700000| Complete 
|  70|0x00000000a8800000, 0x00000000a8900000, 0x00000000a8900000|100%| E|CS|TAMS 0x00000000a8800000, 0x00000000a8800000| Complete 
|  71|0x00000000a8900000, 0x00000000a8a00000, 0x00000000a8a00000|100%| E|CS|TAMS 0x00000000a8900000, 0x00000000a8900000| Complete 
|  72|0x00000000a8a00000, 0x00000000a8b00000, 0x00000000a8b00000|100%| E|CS|TAMS 0x00000000a8a00000, 0x00000000a8a00000| Complete 
|  73|0x00000000a8b00000, 0x00000000a8c00000, 0x00000000a8c00000|100%| E|CS|TAMS 0x00000000a8b00000, 0x00000000a8b00000| Complete 
|  74|0x00000000a8c00000, 0x00000000a8d00000, 0x00000000a8d00000|100%| E|CS|TAMS 0x00000000a8c00000, 0x00000000a8c00000| Complete 
|  75|0x00000000a8d00000, 0x00000000a8e00000, 0x00000000a8e00000|100%| E|CS|TAMS 0x00000000a8d00000, 0x00000000a8d00000| Complete 
|  76|0x00000000a8e00000, 0x00000000a8f00000, 0x00000000a8f00000|100%| E|CS|TAMS 0x00000000a8e00000, 0x00000000a8e00000| Complete 
|  77|0x00000000a8f00000, 0x00000000a9000000, 0x00000000a9000000|100%| E|CS|TAMS 0x00000000a8f00000, 0x00000000a8f00000| Complete 
|  78|0x00000000a9000000, 0x00000000a9100000, 0x00000000a9100000|100%| E|CS|TAMS 0x00000000a9000000, 0x00000000a9000000| Complete 
|  79|0x00000000a9100000, 0x00000000a9200000, 0x00000000a9200000|100%| E|CS|TAMS 0x00000000a9100000, 0x00000000a9100000| Complete 
|  80|0x00000000a9200000, 0x00000000a9300000, 0x00000000a9300000|100%| E|CS|TAMS 0x00000000a9200000, 0x00000000a9200000| Complete 
|  81|0x00000000a9300000, 0x00000000a9400000, 0x00000000a9400000|100%| E|CS|TAMS 0x00000000a9300000, 0x00000000a9300000| Complete 
|  82|0x00000000a9400000, 0x00000000a9500000, 0x00000000a9500000|100%| E|CS|TAMS 0x00000000a9400000, 0x00000000a9400000| Complete 
|  83|0x00000000a9500000, 0x00000000a9600000, 0x00000000a9600000|100%| E|CS|TAMS 0x00000000a9500000, 0x00000000a9500000| Complete 
|  84|0x00000000a9600000, 0x00000000a9700000, 0x00000000a9700000|100%| E|CS|TAMS 0x00000000a9600000, 0x00000000a9600000| Complete 
|  85|0x00000000a9700000, 0x00000000a9800000, 0x00000000a9800000|100%| E|CS|TAMS 0x00000000a9700000, 0x00000000a9700000| Complete 
|  86|0x00000000a9800000, 0x00000000a9900000, 0x00000000a9900000|100%| E|CS|TAMS 0x00000000a9800000, 0x00000000a9800000| Complete 
|  87|0x00000000a9900000, 0x00000000a9a00000, 0x00000000a9a00000|100%| E|CS|TAMS 0x00000000a9900000, 0x00000000a9900000| Complete 
|  88|0x00000000a9a00000, 0x00000000a9b00000, 0x00000000a9b00000|100%| E|CS|TAMS 0x00000000a9a00000, 0x00000000a9a00000| Complete 
|  89|0x00000000a9b00000, 0x00000000a9c00000, 0x00000000a9c00000|100%| E|CS|TAMS 0x00000000a9b00000, 0x00000000a9b00000| Complete 
|  90|0x00000000a9c00000, 0x00000000a9d00000, 0x00000000a9d00000|100%| E|CS|TAMS 0x00000000a9c00000, 0x00000000a9c00000| Complete 
|  91|0x00000000a9d00000, 0x00000000a9e00000, 0x00000000a9e00000|100%| E|CS|TAMS 0x00000000a9d00000, 0x00000000a9d00000| Complete 

Card table byte_map: [0x000001bef4d40000,0x000001bef5020000] _byte_map_base: 0x000001bef481f000

Marking Bits (Prev, Next): (CMBitMap*) 0x000001bee229b010, (CMBitMap*) 0x000001bee229b050
 Prev Bits: [0x000001bef5300000, 0x000001bef69f8000)
 Next Bits: [0x000001bef6a00000, 0x000001bef80f8000)

Polling page: 0x000001bee0210000

Metaspace:

Usage:
  Non-class:     17.11 MB used.
      Class:      2.07 MB used.
       Both:     19.18 MB used.

Virtual space:
  Non-class space:       64.00 MB reserved,      17.19 MB ( 27%) committed,  1 nodes.
      Class space:        1.00 GB reserved,       2.12 MB ( <1%) committed,  1 nodes.
             Both:        1.06 GB reserved,      19.31 MB (  2%) committed. 

Chunk freelists:
   Non-Class:  14.25 MB
       Class:  13.70 MB
        Both:  27.94 MB

MaxMetaspaceSize: unlimited
CompressedClassSpaceSize: 1.00 GB
Initial GC threshold: 21.00 MB
Current GC threshold: 21.00 MB
CDS: off
MetaspaceReclaimPolicy: balanced
 - commit_granule_bytes: 65536.
 - commit_granule_words: 8192.
 - virtual_space_node_default_size: 8388608.
 - enlarge_chunks_in_place: 1.
 - new_chunks_are_fully_committed: 0.
 - uncommit_free_chunks: 1.
 - use_allocation_guard: 0.
 - handle_deallocations: 1.


Internal statistics:

num_allocs_failed_limit: 0.
num_arena_births: 120.
num_arena_deaths: 0.
num_vsnodes_births: 2.
num_vsnodes_deaths: 0.
num_space_committed: 310.
num_space_uncommitted: 0.
num_chunks_returned_to_freelist: 0.
num_chunks_taken_from_freelist: 527.
num_chunk_merges: 0.
num_chunk_splits: 418.
num_chunks_enlarged: 359.
num_inconsistent_stats: 0.

CodeHeap 'non-profiled nmethods': size=120000Kb used=516Kb max_used=516Kb free=119483Kb
 bounds [0x000001beed1f0000, 0x000001beed460000, 0x000001bef4720000]
CodeHeap 'profiled nmethods': size=120000Kb used=3046Kb max_used=3046Kb free=116953Kb
 bounds [0x000001bee5720000, 0x000001bee5a20000, 0x000001beecc50000]
CodeHeap 'non-nmethods': size=5760Kb used=1188Kb max_used=1205Kb free=4571Kb
 bounds [0x000001beecc50000, 0x000001beecec0000, 0x000001beed1f0000]
 total_blobs=2110 nmethods=1623 adapters=400
 compilation: enabled
              stopped_count=0, restarted_count=0
 full_count=0

Compilation events (20 events):
Event: 1.213 Thread 0x000001beff03b1c0 1608   !   4       jdk.internal.loader.URLClassPath$JarLoader::ensureOpen (36 bytes)
Event: 1.213 Thread 0x000001beff03b1c0 nmethod 1608 0x000001beed26b590 code [0x000001beed26b700, 0x000001beed26b798]
Event: 1.214 Thread 0x000001beff7d53c0 nmethod 1607 0x000001beed26b890 code [0x000001beed26ba40, 0x000001beed26c168]
Event: 1.221 Thread 0x000001beff03b1c0 1609       4       java.util.jar.JarFile::getEntry (35 bytes)
Event: 1.222 Thread 0x000001beff7d53c0 1610   !   4       jdk.internal.loader.URLClassPath$JarLoader::getResource (65 bytes)
Event: 1.237 Thread 0x000001beff2610a0 1611       4       java.lang.Character::toLowerCase (9 bytes)
Event: 1.238 Thread 0x000001beff2610a0 nmethod 1611 0x000001beed26c510 code [0x000001beed26c680, 0x000001beed26c758]
Event: 1.244 Thread 0x000001beff05b030 1612       3       kotlin.collections.SetsKt__SetsKt::emptySet (7 bytes)
Event: 1.245 Thread 0x000001beff05b030 nmethod 1612 0x000001bee5a14a90 code [0x000001bee5a14c20, 0x000001bee5a14d18]
Event: 1.250 Thread 0x000001beff2610a0 1613       4       java.util.WeakHashMap::hash (28 bytes)
Event: 1.251 Thread 0x000001beff2610a0 nmethod 1613 0x000001beed26c890 code [0x000001beed26ca20, 0x000001beed26cb38]
Event: 1.255 Thread 0x000001beff2610a0 1614       4       java.lang.String::regionMatches (150 bytes)
Event: 1.255 Thread 0x000001beff03b1c0 nmethod 1609 0x000001beed26cc10 code [0x000001beed26cec0, 0x000001beed26e808]
Event: 1.256 Thread 0x000001beff05b030 1615       3       kotlin.collections.MapsKt__MapsJVMKt::mapCapacity (40 bytes)
Event: 1.256 Thread 0x000001beff05b030 nmethod 1615 0x000001bee5a14d90 code [0x000001bee5a14f60, 0x000001bee5a151d8]
Event: 1.260 Thread 0x000001beff03b1c0 1616       4       java.util.jar.JarFile::maybeInstantiateVerifier (42 bytes)
Event: 1.261 Thread 0x000001beff03b1c0 nmethod 1616 0x000001beed26f590 code [0x000001beed26f720, 0x000001beed26f808]
Event: 1.262 Thread 0x000001beff2610a0 nmethod 1614 0x000001beed26f910 code [0x000001beed26fac0, 0x000001beed2701f8]
Event: 1.264 Thread 0x000001beff2610a0 1617   !   4       java.util.WeakHashMap::expungeStaleEntries (139 bytes)
Event: 1.265 Thread 0x000001beff2610a0 nmethod 1617 0x000001beed270790 code [0x000001beed270920, 0x000001beed270c28]

GC Heap History (2 events):
Event: 0.641 GC heap before
{Heap before GC invocations=0 (full 0):
 garbage-first heap   total 94208K, used 27648K [0x00000000a4200000, 0x0000000100000000)
  region size 1024K, 23 young (23552K), 0 survivors (0K)
 Metaspace       used 13360K, committed 13504K, reserved 1114112K
  class space    used 1284K, committed 1344K, reserved 1048576K
}
Event: 0.646 GC heap after
{Heap after GC invocations=1 (full 0):
 garbage-first heap   total 94208K, used 7168K [0x00000000a4200000, 0x0000000100000000)
  region size 1024K, 3 young (3072K), 3 survivors (3072K)
 Metaspace       used 13360K, committed 13504K, reserved 1114112K
  class space    used 1284K, committed 1344K, reserved 1048576K
}

Dll operation events (2 events):
Event: 0.009 Loaded shared library C:\Program Files\Android\Android Studio\jbr\bin\java.dll
Event: 1.205 Loaded shared library C:\Program Files\Android\Android Studio\jbr\bin\verify.dll

Deoptimization events (20 events):
Event: 0.713 Thread 0x000001bee224fc20 DEOPT PACKING pc=0x000001beed220680 sp=0x000000a6585fb550
Event: 0.713 Thread 0x000001bee224fc20 DEOPT UNPACKING pc=0x000001beecca69a3 sp=0x000000a6585fb438 mode 2
Event: 0.717 Thread 0x000001bee224fc20 Uncommon trap: trap_request=0xffffffc6 fr.pc=0x000001beed220680 relative=0x0000000000000500
Event: 0.717 Thread 0x000001bee224fc20 Uncommon trap: reason=bimorphic_or_optimized_type_check action=maybe_recompile pc=0x000001beed220680 method=kotlin.reflect.jvm.internal.impl.protobuf.CodedInputStream.tryRefillBuffer(I)Z @ 175 c2
Event: 0.717 Thread 0x000001bee224fc20 DEOPT PACKING pc=0x000001beed220680 sp=0x000000a6585fbb00
Event: 0.717 Thread 0x000001bee224fc20 DEOPT UNPACKING pc=0x000001beecca69a3 sp=0x000000a6585fb9e8 mode 2
Event: 0.737 Thread 0x000001bee224fc20 Uncommon trap: trap_request=0xffffff45 fr.pc=0x000001beed2187e4 relative=0x00000000000003a4
Event: 0.737 Thread 0x000001bee224fc20 Uncommon trap: reason=unstable_if action=reinterpret pc=0x000001beed2187e4 method=java.util.concurrent.ConcurrentHashMap.get(Ljava/lang/Object;)Ljava/lang/Object; @ 76 c2
Event: 0.737 Thread 0x000001bee224fc20 DEOPT PACKING pc=0x000001beed2187e4 sp=0x000000a6585fbfd0
Event: 0.737 Thread 0x000001bee224fc20 DEOPT UNPACKING pc=0x000001beecca69a3 sp=0x000000a6585fbf58 mode 2
Event: 0.924 Thread 0x000001bee224fc20 Uncommon trap: trap_request=0xffffffc6 fr.pc=0x000001beed220680 relative=0x0000000000000500
Event: 0.924 Thread 0x000001bee224fc20 Uncommon trap: reason=bimorphic_or_optimized_type_check action=maybe_recompile pc=0x000001beed220680 method=kotlin.reflect.jvm.internal.impl.protobuf.CodedInputStream.tryRefillBuffer(I)Z @ 175 c2
Event: 0.924 Thread 0x000001bee224fc20 DEOPT PACKING pc=0x000001beed220680 sp=0x000000a6585fb7f0
Event: 0.924 Thread 0x000001bee224fc20 DEOPT UNPACKING pc=0x000001beecca69a3 sp=0x000000a6585fb6d8 mode 2
Event: 1.073 Thread 0x000001bee224fc20 DEOPT PACKING pc=0x000001bee598e734 sp=0x000000a6585fdb50
Event: 1.073 Thread 0x000001bee224fc20 DEOPT UNPACKING pc=0x000001beecca7143 sp=0x000000a6585fd120 mode 0
Event: 1.162 Thread 0x000001bee224fc20 Uncommon trap: trap_request=0xffffff6e fr.pc=0x000001beed1fdfc4 relative=0x0000000000000144
Event: 1.162 Thread 0x000001bee224fc20 Uncommon trap: reason=loop_limit_check action=maybe_recompile pc=0x000001beed1fdfc4 method=java.lang.StringLatin1.lastIndexOf([BII)I @ 19 c2
Event: 1.162 Thread 0x000001bee224fc20 DEOPT PACKING pc=0x000001beed1fdfc4 sp=0x000000a6585fd240
Event: 1.162 Thread 0x000001bee224fc20 DEOPT UNPACKING pc=0x000001beecca69a3 sp=0x000000a6585fd1c0 mode 2

Classes unloaded (0 events):
No events

Classes redefined (0 events):
No events

Internal exceptions (12 events):
Event: 1.040 Thread 0x000001bee224fc20 Exception <a 'java/lang/NoSuchMethodError'{0x00000000a907c4c8}: 'java.lang.Object java.lang.invoke.DirectMethodHandle$Holder.newInvokeSpecial(java.lang.Object, java.lang.Object, java.lang.Object, java.lang.Object, java.lang.Object)'> (0x00000000a907c4c8) 
thrown [s\src\hotspot\share\interpreter\linkResolver.cpp, line 771]
Event: 1.109 Thread 0x000001bee224fc20 Exception <a 'java/lang/NoSuchMethodError'{0x00000000a8c17de0}: 'int java.lang.invoke.DelegatingMethodHandle$Holder.reinvoke_L(java.lang.Object, java.lang.Object, java.lang.Object, long, int, int)'> (0x00000000a8c17de0) 
thrown [s\src\hotspot\share\interpreter\linkResolver.cpp, line 771]
Event: 1.111 Thread 0x000001bee224fc20 Exception <a 'java/lang/NoSuchMethodError'{0x00000000a8c271e8}: 'int java.lang.invoke.DelegatingMethodHandle$Holder.reinvoke_L(java.lang.Object, java.lang.Object, java.lang.Object, long, long, long)'> (0x00000000a8c271e8) 
thrown [s\src\hotspot\share\interpreter\linkResolver.cpp, line 771]
Event: 1.113 Thread 0x000001bee224fc20 Exception <a 'java/lang/NoSuchMethodError'{0x00000000a8c35e28}: 'int java.lang.invoke.DelegatingMethodHandle$Holder.reinvoke_L(java.lang.Object, java.lang.Object, java.lang.Object, long, java.lang.Object, java.lang.Object)'> (0x00000000a8c35e28) 
thrown [s\src\hotspot\share\interpreter\linkResolver.cpp, line 771]
Event: 1.115 Thread 0x000001bee224fc20 Exception <a 'java/lang/NoSuchMethodError'{0x00000000a8c449a8}: 'void java.lang.invoke.DelegatingMethodHandle$Holder.reinvoke_L(java.lang.Object, java.lang.Object, java.lang.Object, long, java.lang.Object)'> (0x00000000a8c449a8) 
thrown [s\src\hotspot\share\interpreter\linkResolver.cpp, line 771]
Event: 1.116 Thread 0x000001bee224fc20 Exception <a 'java/lang/NoSuchMethodError'{0x00000000a8c4c5e0}: 'java.lang.Object java.lang.invoke.DirectMethodHandle$Holder.invokeSpecial(java.lang.Object, java.lang.Object, java.lang.Object, java.lang.Object, long)'> (0x00000000a8c4c5e0) 
thrown [s\src\hotspot\share\interpreter\linkResolver.cpp, line 771]
Event: 1.118 Thread 0x000001bee224fc20 Exception <a 'java/lang/NoSuchMethodError'{0x00000000a8c64d60}: 'long java.lang.invoke.Invokers$Holder.invoke_MT(java.lang.Object, java.lang.Object, java.lang.Object, java.lang.Object)'> (0x00000000a8c64d60) 
thrown [s\src\hotspot\share\interpreter\linkResolver.cpp, line 771]
Event: 1.120 Thread 0x000001bee224fc20 Exception <a 'java/lang/NoSuchMethodError'{0x00000000a8c70580}: 'int java.lang.invoke.DirectMethodHandle$Holder.invokeSpecial(java.lang.Object, java.lang.Object, java.lang.Object)'> (0x00000000a8c70580) 
thrown [s\src\hotspot\share\interpreter\linkResolver.cpp, line 771]
Event: 1.120 Thread 0x000001bee224fc20 Exception <a 'java/lang/NoSuchMethodError'{0x00000000a8c745b0}: 'int java.lang.invoke.DirectMethodHandle$Holder.invokeSpecial(java.lang.Object, java.lang.Object, java.lang.Object, java.lang.Object)'> (0x00000000a8c745b0) 
thrown [s\src\hotspot\share\interpreter\linkResolver.cpp, line 771]
Event: 1.120 Thread 0x000001bee224fc20 Exception <a 'java/lang/NoSuchMethodError'{0x00000000a8c77c18}: 'int java.lang.invoke.Invokers$Holder.invoke_MT(java.lang.Object, java.lang.Object, java.lang.Object, java.lang.Object)'> (0x00000000a8c77c18) 
thrown [s\src\hotspot\share\interpreter\linkResolver.cpp, line 771]
Event: 1.122 Thread 0x000001bee224fc20 Exception <a 'java/lang/NoSuchMethodError'{0x00000000a8c87aa0}: 'int java.lang.invoke.DelegatingMethodHandle$Holder.reinvoke_L(java.lang.Object, java.lang.Object, java.lang.Object, long, int)'> (0x00000000a8c87aa0) 
thrown [s\src\hotspot\share\interpreter\linkResolver.cpp, line 771]
Event: 1.208 Thread 0x000001bee224fc20 Exception <a 'java/lang/NoSuchMethodError'{0x00000000a89fab78}: 'java.lang.Object java.lang.invoke.DirectMethodHandle$Holder.invokeStaticInit(java.lang.Object)'> (0x00000000a89fab78) 
thrown [s\src\hotspot\share\interpreter\linkResolver.cpp, line 771]

VM Operations (18 events):
Event: 0.158 Executing VM operation: HandshakeAllThreads
Event: 0.158 Executing VM operation: HandshakeAllThreads done
Event: 0.300 Executing VM operation: HandshakeAllThreads
Event: 0.301 Executing VM operation: HandshakeAllThreads done
Event: 0.436 Executing VM operation: HandshakeAllThreads
Event: 0.436 Executing VM operation: HandshakeAllThreads done
Event: 0.640 Executing VM operation: G1CollectForAllocation
Event: 0.646 Executing VM operation: G1CollectForAllocation done
Event: 0.722 Executing VM operation: HandshakeAllThreads
Event: 0.722 Executing VM operation: HandshakeAllThreads done
Event: 0.972 Executing VM operation: ICBufferFull
Event: 0.972 Executing VM operation: ICBufferFull done
Event: 1.073 Executing VM operation: HandshakeAllThreads
Event: 1.073 Executing VM operation: HandshakeAllThreads done
Event: 1.159 Executing VM operation: HandshakeAllThreads
Event: 1.159 Executing VM operation: HandshakeAllThreads done
Event: 1.207 Executing VM operation: HandshakeAllThreads
Event: 1.207 Executing VM operation: HandshakeAllThreads done

Events (20 events):
Event: 1.190 loading class java/util/regex/Pattern$SliceS
Event: 1.190 loading class java/util/regex/Pattern$SliceS done
Event: 1.191 loading class java/net/URISyntaxException
Event: 1.191 loading class java/net/URISyntaxException done
Event: 1.195 loading class java/util/Spliterators$IteratorSpliterator
Event: 1.195 loading class java/util/Spliterators$IteratorSpliterator done
Event: 1.196 loading class java/util/stream/MatchOps$MatchKind
Event: 1.196 loading class java/util/stream/MatchOps$MatchKind done
Event: 1.196 loading class java/util/stream/MatchOps
Event: 1.197 loading class java/util/stream/MatchOps done
Event: 1.197 loading class java/util/stream/MatchOps$MatchOp
Event: 1.197 loading class java/util/stream/MatchOps$MatchOp done
Event: 1.197 loading class java/util/stream/MatchOps$BooleanTerminalSink
Event: 1.197 loading class java/util/stream/MatchOps$BooleanTerminalSink done
Event: 1.197 loading class java/util/stream/MatchOps$1MatchSink
Event: 1.197 loading class java/util/stream/MatchOps$1MatchSink done
Event: 1.200 loading class java/lang/CloneNotSupportedException
Event: 1.200 loading class java/lang/CloneNotSupportedException done
Event: 1.209 loading class java/lang/ThreadLocal$SuppliedThreadLocal
Event: 1.209 loading class java/lang/ThreadLocal$SuppliedThreadLocal done


Dynamic libraries:
0x00007ff638d40000 - 0x00007ff638d4a000 	C:\Program Files\Android\Android Studio\jbr\bin\java.exe
0x00007ffdda7b0000 - 0x00007ffdda9c7000 	C:\Windows\SYSTEM32\ntdll.dll
0x00007ffdd93a0000 - 0x00007ffdd9464000 	C:\Windows\System32\KERNEL32.DLL
0x00007ffdd7f50000 - 0x00007ffdd8307000 	C:\Windows\System32\KERNELBASE.dll
0x00007ffdd8390000 - 0x00007ffdd84a1000 	C:\Windows\System32\ucrtbase.dll
0x00007ffdc2640000 - 0x00007ffdc2657000 	C:\Program Files\Android\Android Studio\jbr\bin\jli.dll
0x00007ffdcd0c0000 - 0x00007ffdcd0db000 	C:\Program Files\Android\Android Studio\jbr\bin\VCRUNTIME140.dll
0x00007ffdd9080000 - 0x00007ffdd922f000 	C:\Windows\System32\USER32.dll
0x00007ffdc3e00000 - 0x00007ffdc4093000 	C:\Windows\WinSxS\amd64_microsoft.windows.common-controls_6595b64144ccf1df_6.0.22621.3672_none_2713b9d173822955\COMCTL32.dll
0x00007ffdd7c50000 - 0x00007ffdd7c76000 	C:\Windows\System32\win32u.dll
0x00007ffdd92e0000 - 0x00007ffdd9387000 	C:\Windows\System32\msvcrt.dll
0x00007ffdd9b10000 - 0x00007ffdd9b39000 	C:\Windows\System32\GDI32.dll
0x00007ffdd7ac0000 - 0x00007ffdd7bd8000 	C:\Windows\System32\gdi32full.dll
0x00007ffdd7c80000 - 0x00007ffdd7d1a000 	C:\Windows\System32\msvcp_win.dll
0x00007ffdd9e00000 - 0x00007ffdd9e31000 	C:\Windows\System32\IMM32.DLL
0x00007ffdd2810000 - 0x00007ffdd281c000 	C:\Program Files\Android\Android Studio\jbr\bin\vcruntime140_1.dll
0x00007ffdb6140000 - 0x00007ffdb61cd000 	C:\Program Files\Android\Android Studio\jbr\bin\msvcp140.dll
0x00007ffd83ce0000 - 0x00007ffd84963000 	C:\Program Files\Android\Android Studio\jbr\bin\server\jvm.dll
0x00007ffdd9800000 - 0x00007ffdd98b2000 	C:\Windows\System32\ADVAPI32.dll
0x00007ffdd9940000 - 0x00007ffdd99e8000 	C:\Windows\System32\sechost.dll
0x00007ffdd84b0000 - 0x00007ffdd84d8000 	C:\Windows\System32\bcrypt.dll
0x00007ffdd99f0000 - 0x00007ffdd9b04000 	C:\Windows\System32\RPCRT4.dll
0x00007ffdd77e0000 - 0x00007ffdd782d000 	C:\Windows\SYSTEM32\POWRPROF.dll
0x00007ffdba620000 - 0x00007ffdba629000 	C:\Windows\SYSTEM32\WSOCK32.dll
0x00007ffdd30a0000 - 0x00007ffdd30d4000 	C:\Windows\SYSTEM32\WINMM.dll
0x00007ffdcbbe0000 - 0x00007ffdcbbea000 	C:\Windows\SYSTEM32\VERSION.dll
0x00007ffdd9230000 - 0x00007ffdd92a1000 	C:\Windows\System32\WS2_32.dll
0x00007ffdd77c0000 - 0x00007ffdd77d3000 	C:\Windows\SYSTEM32\UMPDC.dll
0x00007ffdd6b10000 - 0x00007ffdd6b28000 	C:\Windows\SYSTEM32\kernel.appcore.dll
0x00007ffdd1f80000 - 0x00007ffdd1f8a000 	C:\Program Files\Android\Android Studio\jbr\bin\jimage.dll
0x00007ffdd5490000 - 0x00007ffdd56c2000 	C:\Windows\SYSTEM32\DBGHELP.DLL
0x00007ffdd9470000 - 0x00007ffdd97fe000 	C:\Windows\System32\combase.dll
0x00007ffdda210000 - 0x00007ffdda2e7000 	C:\Windows\System32\OLEAUT32.dll
0x00007ffdc06f0000 - 0x00007ffdc0722000 	C:\Windows\SYSTEM32\dbgcore.DLL
0x00007ffdd8310000 - 0x00007ffdd838b000 	C:\Windows\System32\bcryptPrimitives.dll
0x00007ffdcce20000 - 0x00007ffdcce45000 	C:\Program Files\Android\Android Studio\jbr\bin\java.dll
0x00007ffdcd050000 - 0x00007ffdcd068000 	C:\Program Files\Android\Android Studio\jbr\bin\zip.dll
0x00007ffdd8540000 - 0x00007ffdd8da9000 	C:\Windows\System32\SHELL32.dll
0x00007ffdd59f0000 - 0x00007ffdd62ef000 	C:\Windows\SYSTEM32\windows.storage.dll
0x00007ffdd58b0000 - 0x00007ffdd59ef000 	C:\Windows\SYSTEM32\wintypes.dll
0x00007ffdd9ff0000 - 0x00007ffdda0e9000 	C:\Windows\System32\SHCORE.dll
0x00007ffdd84e0000 - 0x00007ffdd853e000 	C:\Windows\System32\shlwapi.dll
0x00007ffdd79f0000 - 0x00007ffdd7a17000 	C:\Windows\SYSTEM32\profapi.dll
0x00007ffdc3ae0000 - 0x00007ffdc3af9000 	C:\Program Files\Android\Android Studio\jbr\bin\net.dll
0x00007ffdd40c0000 - 0x00007ffdd41f6000 	C:\Windows\SYSTEM32\WINHTTP.dll
0x00007ffdd6f80000 - 0x00007ffdd6fe9000 	C:\Windows\system32\mswsock.dll
0x00007ffdc2720000 - 0x00007ffdc2736000 	C:\Program Files\Android\Android Studio\jbr\bin\nio.dll
0x00007ffdccd60000 - 0x00007ffdccd70000 	C:\Program Files\Android\Android Studio\jbr\bin\verify.dll

dbghelp: loaded successfully - version: 4.0.5 - missing functions: none
symbol engine: initialized successfully - sym options: 0x614 - pdb path: .;C:\Program Files\Android\Android Studio\jbr\bin;C:\Windows\SYSTEM32;C:\Windows\WinSxS\amd64_microsoft.windows.common-controls_6595b64144ccf1df_6.0.22621.3672_none_2713b9d173822955;C:\Program Files\Android\Android Studio\jbr\bin\server

VM Arguments:
java_command: org.jetbrains.kotlin.cli.jvm.K2JVMCompiler @D:\SEMESTER 5\Pemrograman Mobile\uidesigntocode_2\uidesigntocode_2\build\app\20241020_9835874079447786261.compiler.options
java_class_path (initial): C:\Users\LENOVO\.gradle\caches\modules-2\files-2.1\org.jetbrains.kotlin\kotlin-compiler-embeddable\1.8.22\e2cf111da088dc807a74157741b4cd4b664edfb7\kotlin-compiler-embeddable-1.8.22.jar;C:\Users\LENOVO\.gradle\caches\modules-2\files-2.1\org.jetbrains.kotlin\kotlin-stdlib\1.8.22\636bf8b320e7627482771bbac9ed7246773c02bd\kotlin-stdlib-1.8.22.jar;C:\Users\LENOVO\.gradle\caches\modules-2\files-2.1\org.jetbrains.kotlin\kotlin-script-runtime\1.8.22\ce5ff1f309623f8c1be5143bdba032c4a04cec3a\kotlin-script-runtime-1.8.22.jar;C:\Users\LENOVO\.gradle\caches\modules-2\files-2.1\org.jetbrains.kotlin\kotlin-reflect\1.6.10\1cbe9c92c12a94eea200d23c2bbaedaf3daf5132\kotlin-reflect-1.6.10.jar;C:\Users\LENOVO\.gradle\caches\modules-2\files-2.1\org.jetbrains.kotlin\kotlin-daemon-embeddable\1.8.22\7d9f7e06a59d2fcbc9b373400c146f42fd722e81\kotlin-daemon-embeddable-1.8.22.jar;C:\Users\LENOVO\.gradle\caches\modules-2\files-2.1\org.jetbrains.intellij.deps\trove4j\1.0.20200330\3afb14d5f9ceb459d724e907a21145e8ff394f02\trove4j-1.0.20200330.jar;C:\Users\LENOVO\.gradle\caches\modules-2\files-2.1\net.java.dev.jna\jna\5.6.0\330f2244e9030119ab3030fc3fededc86713d9cc\jna-5.6.0.jar;C:\Users\LENOVO\.gradle\caches\modules-2\files-2.1\org.jetbrains.kotlin\kotlin-stdlib-common\1.8.22\1a8e3601703ae14bb58757ea6b2d8e8e5935a586\kotlin-stdlib-common-1.8.22.jar;C:\Users\LENOVO\.gradle\caches\modules-2\files-2.1\org.jetbrains\annotations\13.0\919f0dfe192fb4e063e7dacadee7f8bb9a2672a9\annotations-13.0.jar
Launcher Type: SUN_STANDARD

[Global flags]
     intx CICompilerCount                          = 4                                         {product} {ergonomic}
     uint ConcGCThreads                            = 2                                         {product} {ergonomic}
     uint G1ConcRefinementThreads                  = 8                                         {product} {ergonomic}
   size_t G1HeapRegionSize                         = 1048576                                   {product} {ergonomic}
    uintx GCDrainStackTargetSize                   = 64                                        {product} {ergonomic}
   size_t InitialHeapSize                          = 96468992                                  {product} {ergonomic}
   size_t MarkStackSize                            = 4194304                                   {product} {ergonomic}
   size_t MaxHeapSize                              = 1541406720                                {product} {ergonomic}
   size_t MaxNewSize                               = 924844032                                 {product} {ergonomic}
   size_t MinHeapDeltaBytes                        = 1048576                                   {product} {ergonomic}
   size_t MinHeapSize                              = 8388608                                   {product} {ergonomic}
    uintx NonNMethodCodeHeapSize                   = 5839372                                {pd product} {ergonomic}
    uintx NonProfiledCodeHeapSize                  = 122909434                              {pd product} {ergonomic}
    uintx ProfiledCodeHeapSize                     = 122909434                              {pd product} {ergonomic}
    uintx ReservedCodeCacheSize                    = 251658240                              {pd product} {ergonomic}
     bool SegmentedCodeCache                       = true                                      {product} {ergonomic}
   size_t SoftMaxHeapSize                          = 1541406720                             {manageable} {ergonomic}
     bool UseCompressedClassPointers               = true                           {product lp64_product} {ergonomic}
     bool UseCompressedOops                        = true                           {product lp64_product} {ergonomic}
     bool UseG1GC                                  = true                                      {product} {ergonomic}
     bool UseLargePagesIndividualAllocation        = false                                  {pd product} {ergonomic}

Logging:
Log output configuration:
 #0: stdout all=warning uptime,level,tags
 #1: stderr all=off uptime,level,tags

Environment Variables:
JAVA_HOME=C:\Program Files\Android\Android Studio\jbr
CLASSPATH=D:\SEMESTER 5\Pemrograman Mobile\uidesigntocode_2\uidesigntocode_2\android\\gradle\wrapper\gradle-wrapper.jar
PATH=C:\Program Files\Android\Android Studio\jbr\bin;C:\Program Files\Common Files\Oracle\Java\javapath;C:\Program Files (x86)\Common Files\Oracle\Java\javapath;C:\Windows\system32;C:\Windows;C:\Windows\System32\Wbem;C:\Windows\System32\WindowsPowerShell\v1.0\;C:\Windows\System32\OpenSSH\;C:\Program Files\Graphviz\bin;C:\Users\LENOVO\Downloads\graphviz-11.0.0 (1);C:\ProgramData\ComposerSetup\bin;C:\XAMPP 8.2\php;C:\XAMPP8.2\php;C:\xampp\php;C:\Program Files\nodejs\;C:\Program Files\Git\cmd;C:\Users\LENOVO\AppData\Local\Programs\Python\Python311\Scripts\;C:\Users\LENOVO\AppData\Local\Programs\Python\Python311\;C:\Users\LENOVO\AppData\Local\Microsoft\WindowsApps;C:\Users\LENOVO\AppData\Local\Programs\Microsoft VS Code\bin;C:\Users\LENOVO\Downloads\flutter_windows_3.24.3-stable.zip\flutter\bin;D:\SEMESTER 5\Pemrograman Mobile\Flutter\flutter_windows_3.24.3-stable.zip\flutter\bin;C:\Flutter\flutter_windows_3.24.3-stable\flutter\bin;C:\Program Files\php-8.3 11;C:\Users\LENOVO\AppData\Roaming\Composer\vendor\bin;C:\Users\LENOVO\AppData\Roaming\npm;C:\Program Files\nodejs;;C:\Flutter\flutter_windows_3.24.3-stable\flutter\bin\mingit\cmd
USERNAME=LENOVO
OS=Windows_NT
PROCESSOR_IDENTIFIER=AMD64 Family 23 Model 160 Stepping 0, AuthenticAMD
TMP=C:\Users\LENOVO\AppData\Local\Temp
TEMP=C:\Users\LENOVO\AppData\Local\Temp



Periodic native trim disabled

JNI global refs:
JNI global refs: 8, weak refs: 0

JNI global refs memory usage: 843, weak refs: 841

Process memory usage:
Resident Set Size: 99788K (1% of 6018300K total physical memory with 848716K free physical memory)

OOME stack traces (most recent first):
Classloader memory used:
Loader jdk.internal.loader.ClassLoaders$AppClassLoader                                 : 1336K
Loader bootstrap                                                                       : 1120K
Loader jdk.internal.reflect.DelegatingClassLoader                                      : 4682B


---------------  S Y S T E M  ---------------

OS:
 Windows 11 , 64 bit Build 22621 (10.0.22621.3958)
OS uptime: 0 days 0:28 hours
Hyper-V role detected

CPU: total 8 (initial active 8) (8 cores per cpu, 2 threads per core) family 23 model 160 stepping 0 microcode 0x0, cx8, cmov, fxsr, ht, mmx, 3dnowpref, sse, sse2, sse3, ssse3, sse4a, sse4.1, sse4.2, popcnt, lzcnt, tsc, tscinvbit, avx, avx2, aes, clmul, bmi1, bmi2, adx, sha, fma, vzeroupper, clflush, clflushopt, hv
Processor Information for all 8 processors :
  Max Mhz: 2401, Current Mhz: 2401, Mhz Limit: 2401

Memory: 4k page, system-wide physical 5877M (829M free)
TotalPageFile size 20877M (AvailPageFile size 4M)
current process WorkingSet (physical memory assigned to process): 97M, peak: 97M
current process commit charge ("private bytes"): 196M, peak: 198M

vm_info: OpenJDK 64-Bit Server VM (17.0.11+0--11852314) for windows-amd64 JRE (17.0.11+0--11852314), built on May 16 2024 21:29:20 by "androidbuild" with MS VC++ 16.10 / 16.11 (VS2019)

END.
