#
# There is insufficient memory for the Java Runtime Environment to continue.
# Native memory allocation (malloc) failed to allocate 1958720 bytes. Error detail: Chunk::new
# Possible reasons:
#   The system is out of physical RAM or swap space
#   This process is running with CompressedOops enabled, and the Java Heap may be blocking the growth of the native heap
# Possible solutions:
#   Reduce memory load on the system
#   Increase physical memory or swap space
#   Check if swap backing store is full
#   Decrease Java heap size (-Xmx/-Xms)
#   Decrease number of Java threads
#   Decrease Java thread stack sizes (-Xss)
#   Set larger code cache with -XX:ReservedCodeCacheSize=
#   JVM is running with Unscaled Compressed Oops mode in which the Java heap is
#     placed in the first 4GB address space. The Java Heap base address is the
#     maximum limit for the native heap growth. Please use -XX:HeapBaseMinAddress
#     to set the Java Heap base and to place the Java Heap above 4GB virtual address.
# This output file may be truncated or incomplete.
#
#  Out of Memory Error (arena.cpp:191), pid=27500, tid=22076
#
# JRE version: OpenJDK Runtime Environment (17.0.11) (build 17.0.11+0--11852314)
# Java VM: OpenJDK 64-Bit Server VM (17.0.11+0--11852314, mixed mode, tiered, compressed oops, compressed class ptrs, g1 gc, windows-amd64)
# No core dump will be written. Minidumps are not enabled by default on client versions of Windows
#

---------------  S U M M A R Y ------------

Command Line: org.jetbrains.kotlin.cli.jvm.K2JVMCompiler @D:\SEMESTER 5\Pemrograman Mobile\uidesigntocode_2\uidesigntocode_2\build\app\20241020_4938907877718357919.compiler.options

Host: AMD Ryzen 3 7320U with Radeon Graphics         , 8 cores, 5G,  Windows 11 , 64 bit Build 22621 (10.0.22621.3958)
Time: Sun Oct 20 09:52:27 2024 SE Asia Standard Time elapsed time: 5.624841 seconds (0d 0h 0m 5s)

---------------  T H R E A D  ---------------

Current thread (0x0000026fe69fee30):  JavaThread "C2 CompilerThread0" daemon [_thread_in_native, id=22076, stack(0x000000f6fd000000,0x000000f6fd100000)]


Current CompileTask:
C2:   5624 5744       4       java.lang.ClassLoader::loadClass (7 bytes)

Stack: [0x000000f6fd000000,0x000000f6fd100000]
Native frames: (J=compiled Java code, j=interpreted, Vv=VM code, C=native code)
V  [jvm.dll+0x687bb9]
V  [jvm.dll+0x84142a]
V  [jvm.dll+0x8430ae]
V  [jvm.dll+0x843713]
V  [jvm.dll+0x24a35f]
V  [jvm.dll+0xac544]
V  [jvm.dll+0xacb8c]
V  [jvm.dll+0x369c37]
V  [jvm.dll+0x33416a]
V  [jvm.dll+0x33360a]
V  [jvm.dll+0x21bed1]
V  [jvm.dll+0x21b311]
V  [jvm.dll+0x1a63ed]
V  [jvm.dll+0x22b1ee]
V  [jvm.dll+0x229375]
V  [jvm.dll+0x7f5647]
V  [jvm.dll+0x7efa4a]
V  [jvm.dll+0x686a35]
C  [ucrtbase.dll+0x29333]
C  [KERNEL32.DLL+0x1257d]
C  [ntdll.dll+0x5af08]


---------------  P R O C E S S  ---------------

Threads class SMR info:
_java_thread_list=0x0000026feb145050, length=13, elements={
0x0000026fcbecdef0, 0x0000026fe6759190, 0x0000026fe675a010, 0x0000026fe69f7fb0,
0x0000026fe69faf60, 0x0000026fe69fc090, 0x0000026fe69fd470, 0x0000026fe69fee30,
0x0000026fe6a051f0, 0x0000026fe6a0e010, 0x0000026fe6b9aba0, 0x0000026fe6ba1120,
0x0000026feb3bae00
}

Java Threads: ( => current thread )
  0x0000026fcbecdef0 JavaThread "main" [_thread_in_Java, id=16404, stack(0x000000f6fc300000,0x000000f6fc400000)]
  0x0000026fe6759190 JavaThread "Reference Handler" daemon [_thread_blocked, id=21572, stack(0x000000f6fca00000,0x000000f6fcb00000)]
  0x0000026fe675a010 JavaThread "Finalizer" daemon [_thread_blocked, id=18728, stack(0x000000f6fcb00000,0x000000f6fcc00000)]
  0x0000026fe69f7fb0 JavaThread "Signal Dispatcher" daemon [_thread_blocked, id=25764, stack(0x000000f6fcc00000,0x000000f6fcd00000)]
  0x0000026fe69faf60 JavaThread "Attach Listener" daemon [_thread_blocked, id=26824, stack(0x000000f6fcd00000,0x000000f6fce00000)]
  0x0000026fe69fc090 JavaThread "Service Thread" daemon [_thread_blocked, id=26268, stack(0x000000f6fce00000,0x000000f6fcf00000)]
  0x0000026fe69fd470 JavaThread "Monitor Deflation Thread" daemon [_thread_blocked, id=19900, stack(0x000000f6fcf00000,0x000000f6fd000000)]
=>0x0000026fe69fee30 JavaThread "C2 CompilerThread0" daemon [_thread_in_native, id=22076, stack(0x000000f6fd000000,0x000000f6fd100000)]
  0x0000026fe6a051f0 JavaThread "C1 CompilerThread0" daemon [_thread_in_native, id=16736, stack(0x000000f6fd100000,0x000000f6fd200000)]
  0x0000026fe6a0e010 JavaThread "Sweeper thread" daemon [_thread_blocked, id=25676, stack(0x000000f6fd200000,0x000000f6fd300000)]
  0x0000026fe6b9aba0 JavaThread "Notification Thread" daemon [_thread_blocked, id=25908, stack(0x000000f6fd300000,0x000000f6fd400000)]
  0x0000026fe6ba1120 JavaThread "Common-Cleaner" daemon [_thread_blocked, id=6780, stack(0x000000f6fd500000,0x000000f6fd600000)]
  0x0000026feb3bae00 JavaThread "C2 CompilerThread1" daemon [_thread_in_native, id=22844, stack(0x000000f6fda00000,0x000000f6fdb00000)]

Other Threads:
  0x0000026fe6751050 VMThread "VM Thread" [stack: 0x000000f6fc900000,0x000000f6fca00000] [id=18940]
  0x0000026fe6b9f8b0 WatcherThread [stack: 0x000000f6fd400000,0x000000f6fd500000] [id=18516]
  0x0000026fcbf19570 GCTaskThread "GC Thread#0" [stack: 0x000000f6fc400000,0x000000f6fc500000] [id=6636]
  0x0000026feb3788e0 GCTaskThread "GC Thread#1" [stack: 0x000000f6fd600000,0x000000f6fd700000] [id=25148]
  0x0000026feb3a14c0 GCTaskThread "GC Thread#2" [stack: 0x000000f6fd700000,0x000000f6fd800000] [id=22480]
  0x0000026feb3a1780 GCTaskThread "GC Thread#3" [stack: 0x000000f6fd800000,0x000000f6fd900000] [id=24360]
  0x0000026feb3a1e50 GCTaskThread "GC Thread#4" [stack: 0x000000f6fd900000,0x000000f6fda00000] [id=13184]
  0x0000026feb9d4860 GCTaskThread "GC Thread#5" [stack: 0x000000f6fdb00000,0x000000f6fdc00000] [id=21476]
  0x0000026febc60020 GCTaskThread "GC Thread#6" [stack: 0x000000f6fdc00000,0x000000f6fdd00000] [id=23092]
  0x0000026feba31610 GCTaskThread "GC Thread#7" [stack: 0x000000f6fdd00000,0x000000f6fde00000] [id=25264]
  0x0000026fcbf25c80 ConcurrentGCThread "G1 Main Marker" [stack: 0x000000f6fc500000,0x000000f6fc600000] [id=4736]
  0x0000026fcbf266a0 ConcurrentGCThread "G1 Conc#0" [stack: 0x000000f6fc600000,0x000000f6fc700000] [id=26040]
  0x0000026febb9d2c0 ConcurrentGCThread "G1 Conc#1" [stack: 0x000000f6fde00000,0x000000f6fdf00000] [id=21536]
  0x0000026fe65b0490 ConcurrentGCThread "G1 Refine#0" [stack: 0x000000f6fc700000,0x000000f6fc800000] [id=23632]
  0x0000026fe65b0ec0 ConcurrentGCThread "G1 Service" [stack: 0x000000f6fc800000,0x000000f6fc900000] [id=23260]

Threads with active compile tasks:
C2 CompilerThread0     5637 5744       4       java.lang.ClassLoader::loadClass (7 bytes)
C1 CompilerThread0     5637 5970       3       org.jetbrains.kotlin.ir.declarations.lazy.IrLazyFunctionBase$createValueParameters$1::invoke (390 bytes)
C2 CompilerThread1     5637 5740       4       jdk.internal.loader.ClassLoaders$AppClassLoader::loadClass (40 bytes)

VM state: not at safepoint (normal execution)

VM Mutex/Monitor currently owned by a thread:  ([mutex/lock_event])
[0x0000026fcbec9bf0] CodeCache_lock - owner thread: 0x0000026fe6a051f0
[0x0000026fcbec9800] Compile_lock - owner thread: 0x0000026fe6a051f0
[0x0000026fcbeca610] MethodCompileQueue_lock - owner thread: 0x0000026fe6a051f0

Heap address: 0x00000000a4200000, size: 1470 MB, Compressed Oops mode: 32-bit

CDS archive(s) not mapped
Compressed class space mapped at: 0x0000000100000000-0x0000000140000000, reserved size: 1073741824
Narrow klass base: 0x0000000000000000, Narrow klass shift: 3, Narrow klass range: 0x140000000

GC Precious Log:
 CPUs: 8 total, 8 available
 Memory: 5877M
 Large Page Support: Disabled
 NUMA Support: Disabled
 Compressed Oops: Enabled (32-bit)
 Heap Region Size: 1M
 Heap Min Capacity: 8M
 Heap Initial Capacity: 92M
 Heap Max Capacity: 1470M
 Pre-touch: Disabled
 Parallel Workers: 8
 Concurrent Workers: 2
 Concurrent Refinement Workers: 8
 Periodic GC: Disabled

Heap:
 garbage-first heap   total 98304K, used 65253K [0x00000000a4200000, 0x0000000100000000)
  region size 1024K, 22 young (22528K), 2 survivors (2048K)
 Metaspace       used 63582K, committed 63872K, reserved 1114112K
  class space    used 7364K, committed 7488K, reserved 1048576K

Heap Regions: E=young(eden), S=young(survivor), O=old, HS=humongous(starts), HC=humongous(continues), CS=collection set, F=free, OA=open archive, CA=closed archive, TAMS=top-at-mark-start (previous, next)
|   0|0x00000000a4200000, 0x00000000a4300000, 0x00000000a4300000|100%|HS|  |TAMS 0x00000000a4300000, 0x00000000a4200000| Complete 
|   1|0x00000000a4300000, 0x00000000a4400000, 0x00000000a4400000|100%|HC|  |TAMS 0x00000000a4400000, 0x00000000a4300000| Complete 
|   2|0x00000000a4400000, 0x00000000a4500000, 0x00000000a4500000|100%|HC|  |TAMS 0x00000000a4500000, 0x00000000a4400000| Complete 
|   3|0x00000000a4500000, 0x00000000a4600000, 0x00000000a4600000|100%|HC|  |TAMS 0x00000000a4600000, 0x00000000a4500000| Complete 
|   4|0x00000000a4600000, 0x00000000a4700000, 0x00000000a4700000|100%| O|  |TAMS 0x00000000a4700000, 0x00000000a4600000| Untracked 
|   5|0x00000000a4700000, 0x00000000a4800000, 0x00000000a4800000|100%| O|  |TAMS 0x00000000a4800000, 0x00000000a4700000| Untracked 
|   6|0x00000000a4800000, 0x00000000a4900000, 0x00000000a4900000|100%| O|  |TAMS 0x00000000a4900000, 0x00000000a4800000| Untracked 
|   7|0x00000000a4900000, 0x00000000a4a00000, 0x00000000a4a00000|100%|HS|  |TAMS 0x00000000a4a00000, 0x00000000a4900000| Complete 
|   8|0x00000000a4a00000, 0x00000000a4b00000, 0x00000000a4b00000|100%|HC|  |TAMS 0x00000000a4b00000, 0x00000000a4a00000| Complete 
|   9|0x00000000a4b00000, 0x00000000a4c00000, 0x00000000a4c00000|100%|HC|  |TAMS 0x00000000a4c00000, 0x00000000a4b00000| Complete 
|  10|0x00000000a4c00000, 0x00000000a4d00000, 0x00000000a4d00000|100%|HC|  |TAMS 0x00000000a4d00000, 0x00000000a4c00000| Complete 
|  11|0x00000000a4d00000, 0x00000000a4e00000, 0x00000000a4e00000|100%| O|  |TAMS 0x00000000a4e00000, 0x00000000a4d00000| Untracked 
|  12|0x00000000a4e00000, 0x00000000a4f00000, 0x00000000a4f00000|100%| O|  |TAMS 0x00000000a4f00000, 0x00000000a4e00000| Untracked 
|  13|0x00000000a4f00000, 0x00000000a5000000, 0x00000000a5000000|100%| O|  |TAMS 0x00000000a5000000, 0x00000000a4f00000| Untracked 
|  14|0x00000000a5000000, 0x00000000a5100000, 0x00000000a5100000|100%| O|  |TAMS 0x00000000a5100000, 0x00000000a5000000| Untracked 
|  15|0x00000000a5100000, 0x00000000a5200000, 0x00000000a5200000|100%| O|  |TAMS 0x00000000a5200000, 0x00000000a5100000| Untracked 
|  16|0x00000000a5200000, 0x00000000a5300000, 0x00000000a5300000|100%| O|  |TAMS 0x00000000a5300000, 0x00000000a5200000| Untracked 
|  17|0x00000000a5300000, 0x00000000a5400000, 0x00000000a5400000|100%| O|  |TAMS 0x00000000a5400000, 0x00000000a5300000| Untracked 
|  18|0x00000000a5400000, 0x00000000a5500000, 0x00000000a5500000|100%| O|  |TAMS 0x00000000a5500000, 0x00000000a5400000| Untracked 
|  19|0x00000000a5500000, 0x00000000a5600000, 0x00000000a5600000|100%| O|  |TAMS 0x00000000a5600000, 0x00000000a5500000| Untracked 
|  20|0x00000000a5600000, 0x00000000a5700000, 0x00000000a5700000|100%| O|  |TAMS 0x00000000a5700000, 0x00000000a5600000| Untracked 
|  21|0x00000000a5700000, 0x00000000a5800000, 0x00000000a5800000|100%| O|  |TAMS 0x00000000a5800000, 0x00000000a5700000| Untracked 
|  22|0x00000000a5800000, 0x00000000a5900000, 0x00000000a5900000|100%| O|  |TAMS 0x00000000a5900000, 0x00000000a5800000| Untracked 
|  23|0x00000000a5900000, 0x00000000a5a00000, 0x00000000a5a00000|100%| O|  |TAMS 0x00000000a5a00000, 0x00000000a5900000| Untracked 
|  24|0x00000000a5a00000, 0x00000000a5b00000, 0x00000000a5b00000|100%| O|  |TAMS 0x00000000a5b00000, 0x00000000a5a00000| Untracked 
|  25|0x00000000a5b00000, 0x00000000a5c00000, 0x00000000a5c00000|100%| O|  |TAMS 0x00000000a5c00000, 0x00000000a5b00000| Untracked 
|  26|0x00000000a5c00000, 0x00000000a5d00000, 0x00000000a5d00000|100%|HS|  |TAMS 0x00000000a5d00000, 0x00000000a5c00000| Complete 
|  27|0x00000000a5d00000, 0x00000000a5e00000, 0x00000000a5e00000|100%|HC|  |TAMS 0x00000000a5e00000, 0x00000000a5d00000| Complete 
|  28|0x00000000a5e00000, 0x00000000a5f00000, 0x00000000a5f00000|100%| O|  |TAMS 0x00000000a5f00000, 0x00000000a5e00000| Untracked 
|  29|0x00000000a5f00000, 0x00000000a6000000, 0x00000000a6000000|100%| O|  |TAMS 0x00000000a6000000, 0x00000000a5f00000| Untracked 
|  30|0x00000000a6000000, 0x00000000a6100000, 0x00000000a6100000|100%| O|  |TAMS 0x00000000a6100000, 0x00000000a6000000| Untracked 
|  31|0x00000000a6100000, 0x00000000a6200000, 0x00000000a6200000|100%| O|  |TAMS 0x00000000a6200000, 0x00000000a6100000| Untracked 
|  32|0x00000000a6200000, 0x00000000a6300000, 0x00000000a6300000|100%| O|  |TAMS 0x00000000a6300000, 0x00000000a6200000| Untracked 
|  33|0x00000000a6300000, 0x00000000a6400000, 0x00000000a6400000|100%| O|  |TAMS 0x00000000a6400000, 0x00000000a6300000| Untracked 
|  34|0x00000000a6400000, 0x00000000a6500000, 0x00000000a6500000|100%| O|  |TAMS 0x00000000a6500000, 0x00000000a6400000| Untracked 
|  35|0x00000000a6500000, 0x00000000a6600000, 0x00000000a6600000|100%| O|  |TAMS 0x00000000a6600000, 0x00000000a6500000| Untracked 
|  36|0x00000000a6600000, 0x00000000a6700000, 0x00000000a6700000|100%| O|  |TAMS 0x00000000a6700000, 0x00000000a6600000| Untracked 
|  37|0x00000000a6700000, 0x00000000a6800000, 0x00000000a6800000|100%| O|  |TAMS 0x00000000a6800000, 0x00000000a6700000| Untracked 
|  38|0x00000000a6800000, 0x00000000a6900000, 0x00000000a6900000|100%| O|  |TAMS 0x00000000a6900000, 0x00000000a6800000| Untracked 
|  39|0x00000000a6900000, 0x00000000a6a00000, 0x00000000a6a00000|100%| O|  |TAMS 0x00000000a6a00000, 0x00000000a6900000| Untracked 
|  40|0x00000000a6a00000, 0x00000000a6b00000, 0x00000000a6b00000|100%| O|  |TAMS 0x00000000a6a22c00, 0x00000000a6a00000| Untracked 
|  41|0x00000000a6b00000, 0x00000000a6c00000, 0x00000000a6c00000|100%| O|  |TAMS 0x00000000a6b00000, 0x00000000a6b00000| Untracked 
|  42|0x00000000a6c00000, 0x00000000a6cc6208, 0x00000000a6d00000| 77%| O|  |TAMS 0x00000000a6c00000, 0x00000000a6c00000| Untracked 
|  43|0x00000000a6d00000, 0x00000000a6d00000, 0x00000000a6e00000|  0%| F|  |TAMS 0x00000000a6d00000, 0x00000000a6d00000| Untracked 
|  44|0x00000000a6e00000, 0x00000000a6e00000, 0x00000000a6f00000|  0%| F|  |TAMS 0x00000000a6e00000, 0x00000000a6e00000| Untracked 
|  45|0x00000000a6f00000, 0x00000000a6f00000, 0x00000000a7000000|  0%| F|  |TAMS 0x00000000a6f00000, 0x00000000a6f00000| Untracked 
|  46|0x00000000a7000000, 0x00000000a7000000, 0x00000000a7100000|  0%| F|  |TAMS 0x00000000a7000000, 0x00000000a7000000| Untracked 
|  47|0x00000000a7100000, 0x00000000a7100000, 0x00000000a7200000|  0%| F|  |TAMS 0x00000000a7100000, 0x00000000a7100000| Untracked 
|  48|0x00000000a7200000, 0x00000000a7200000, 0x00000000a7300000|  0%| F|  |TAMS 0x00000000a7200000, 0x00000000a7200000| Untracked 
|  49|0x00000000a7300000, 0x00000000a7300000, 0x00000000a7400000|  0%| F|  |TAMS 0x00000000a7300000, 0x00000000a7300000| Untracked 
|  50|0x00000000a7400000, 0x00000000a7400000, 0x00000000a7500000|  0%| F|  |TAMS 0x00000000a7400000, 0x00000000a7400000| Untracked 
|  51|0x00000000a7500000, 0x00000000a7500000, 0x00000000a7600000|  0%| F|  |TAMS 0x00000000a7500000, 0x00000000a7500000| Untracked 
|  52|0x00000000a7600000, 0x00000000a7600000, 0x00000000a7700000|  0%| F|  |TAMS 0x00000000a7600000, 0x00000000a7600000| Untracked 
|  53|0x00000000a7700000, 0x00000000a7700000, 0x00000000a7800000|  0%| F|  |TAMS 0x00000000a7700000, 0x00000000a7700000| Untracked 
|  54|0x00000000a7800000, 0x00000000a7800000, 0x00000000a7900000|  0%| F|  |TAMS 0x00000000a7800000, 0x00000000a7800000| Untracked 
|  55|0x00000000a7900000, 0x00000000a7900000, 0x00000000a7a00000|  0%| F|  |TAMS 0x00000000a7900000, 0x00000000a7900000| Untracked 
|  56|0x00000000a7a00000, 0x00000000a7a00000, 0x00000000a7b00000|  0%| F|  |TAMS 0x00000000a7a00000, 0x00000000a7a00000| Untracked 
|  57|0x00000000a7b00000, 0x00000000a7bf34a0, 0x00000000a7c00000| 95%| S|CS|TAMS 0x00000000a7b00000, 0x00000000a7b00000| Complete 
|  58|0x00000000a7c00000, 0x00000000a7d00000, 0x00000000a7d00000|100%| S|CS|TAMS 0x00000000a7c00000, 0x00000000a7c00000| Complete 
|  59|0x00000000a7d00000, 0x00000000a7d00000, 0x00000000a7e00000|  0%| F|  |TAMS 0x00000000a7d00000, 0x00000000a7d00000| Untracked 
|  60|0x00000000a7e00000, 0x00000000a7e00000, 0x00000000a7f00000|  0%| F|  |TAMS 0x00000000a7e00000, 0x00000000a7e00000| Untracked 
|  61|0x00000000a7f00000, 0x00000000a7f00000, 0x00000000a8000000|  0%| F|  |TAMS 0x00000000a7f00000, 0x00000000a7f00000| Untracked 
|  62|0x00000000a8000000, 0x00000000a8000000, 0x00000000a8100000|  0%| F|  |TAMS 0x00000000a8000000, 0x00000000a8000000| Untracked 
|  63|0x00000000a8100000, 0x00000000a8100000, 0x00000000a8200000|  0%| F|  |TAMS 0x00000000a8100000, 0x00000000a8100000| Untracked 
|  64|0x00000000a8200000, 0x00000000a8200000, 0x00000000a8300000|  0%| F|  |TAMS 0x00000000a8200000, 0x00000000a8200000| Untracked 
|  65|0x00000000a8300000, 0x00000000a8300000, 0x00000000a8400000|  0%| F|  |TAMS 0x00000000a8300000, 0x00000000a8300000| Untracked 
|  66|0x00000000a8400000, 0x00000000a8400000, 0x00000000a8500000|  0%| F|  |TAMS 0x00000000a8400000, 0x00000000a8400000| Untracked 
|  67|0x00000000a8500000, 0x00000000a8500000, 0x00000000a8600000|  0%| F|  |TAMS 0x00000000a8500000, 0x00000000a8500000| Untracked 
|  68|0x00000000a8600000, 0x00000000a8600000, 0x00000000a8700000|  0%| F|  |TAMS 0x00000000a8600000, 0x00000000a8600000| Untracked 
|  69|0x00000000a8700000, 0x00000000a8700000, 0x00000000a8800000|  0%| F|  |TAMS 0x00000000a8700000, 0x00000000a8700000| Untracked 
|  70|0x00000000a8800000, 0x00000000a8800000, 0x00000000a8900000|  0%| F|  |TAMS 0x00000000a8800000, 0x00000000a8800000| Untracked 
|  71|0x00000000a8900000, 0x00000000a8900000, 0x00000000a8a00000|  0%| F|  |TAMS 0x00000000a8900000, 0x00000000a8900000| Untracked 
|  72|0x00000000a8a00000, 0x00000000a8a00000, 0x00000000a8b00000|  0%| F|  |TAMS 0x00000000a8a00000, 0x00000000a8a00000| Untracked 
|  73|0x00000000a8b00000, 0x00000000a8b00000, 0x00000000a8c00000|  0%| F|  |TAMS 0x00000000a8b00000, 0x00000000a8b00000| Untracked 
|  74|0x00000000a8c00000, 0x00000000a8c00000, 0x00000000a8d00000|  0%| F|  |TAMS 0x00000000a8c00000, 0x00000000a8c00000| Untracked 
|  75|0x00000000a8d00000, 0x00000000a8d80800, 0x00000000a8e00000| 50%| E|  |TAMS 0x00000000a8d00000, 0x00000000a8d00000| Complete 
|  76|0x00000000a8e00000, 0x00000000a8f00000, 0x00000000a8f00000|100%| E|CS|TAMS 0x00000000a8e00000, 0x00000000a8e00000| Complete 
|  77|0x00000000a8f00000, 0x00000000a9000000, 0x00000000a9000000|100%| E|CS|TAMS 0x00000000a8f00000, 0x00000000a8f00000| Complete 
|  78|0x00000000a9000000, 0x00000000a9100000, 0x00000000a9100000|100%| E|CS|TAMS 0x00000000a9000000, 0x00000000a9000000| Complete 
|  79|0x00000000a9100000, 0x00000000a9200000, 0x00000000a9200000|100%| E|CS|TAMS 0x00000000a9100000, 0x00000000a9100000| Complete 
|  80|0x00000000a9200000, 0x00000000a9300000, 0x00000000a9300000|100%| E|CS|TAMS 0x00000000a9200000, 0x00000000a9200000| Complete 
|  81|0x00000000a9300000, 0x00000000a9400000, 0x00000000a9400000|100%| E|CS|TAMS 0x00000000a9300000, 0x00000000a9300000| Complete 
|  82|0x00000000a9400000, 0x00000000a9500000, 0x00000000a9500000|100%| E|CS|TAMS 0x00000000a9400000, 0x00000000a9400000| Complete 
|  83|0x00000000a9500000, 0x00000000a9600000, 0x00000000a9600000|100%| E|CS|TAMS 0x00000000a9500000, 0x00000000a9500000| Complete 
|  84|0x00000000a9600000, 0x00000000a9700000, 0x00000000a9700000|100%| E|CS|TAMS 0x00000000a9600000, 0x00000000a9600000| Complete 
|  85|0x00000000a9700000, 0x00000000a9800000, 0x00000000a9800000|100%| E|CS|TAMS 0x00000000a9700000, 0x00000000a9700000| Complete 
|  86|0x00000000a9800000, 0x00000000a9900000, 0x00000000a9900000|100%| E|CS|TAMS 0x00000000a9800000, 0x00000000a9800000| Complete 
|  87|0x00000000a9900000, 0x00000000a9a00000, 0x00000000a9a00000|100%| E|CS|TAMS 0x00000000a9900000, 0x00000000a9900000| Complete 
|  88|0x00000000a9a00000, 0x00000000a9b00000, 0x00000000a9b00000|100%| E|CS|TAMS 0x00000000a9a00000, 0x00000000a9a00000| Complete 
|  89|0x00000000a9b00000, 0x00000000a9c00000, 0x00000000a9c00000|100%| E|CS|TAMS 0x00000000a9b00000, 0x00000000a9b00000| Complete 
|  90|0x00000000a9c00000, 0x00000000a9d00000, 0x00000000a9d00000|100%| E|CS|TAMS 0x00000000a9c00000, 0x00000000a9c00000| Complete 
|  91|0x00000000a9d00000, 0x00000000a9e00000, 0x00000000a9e00000|100%| E|CS|TAMS 0x00000000a9d00000, 0x00000000a9d00000| Complete 
|  92|0x00000000a9e00000, 0x00000000a9f00000, 0x00000000a9f00000|100%| E|CS|TAMS 0x00000000a9e00000, 0x00000000a9e00000| Complete 
|  93|0x00000000a9f00000, 0x00000000aa000000, 0x00000000aa000000|100%| E|CS|TAMS 0x00000000a9f00000, 0x00000000a9f00000| Complete 
|  94|0x00000000aa000000, 0x00000000aa100000, 0x00000000aa100000|100%| E|CS|TAMS 0x00000000aa000000, 0x00000000aa000000| Complete 
|  95|0x00000000aa100000, 0x00000000aa200000, 0x00000000aa200000|100%| E|CS|TAMS 0x00000000aa100000, 0x00000000aa100000| Complete 

Card table byte_map: [0x0000026fe0900000,0x0000026fe0be0000] _byte_map_base: 0x0000026fe03df000

Marking Bits (Prev, Next): (CMBitMap*) 0x0000026fcbf19b90, (CMBitMap*) 0x0000026fcbf19bd0
 Prev Bits: [0x0000026fe0ec0000, 0x0000026fe25b8000)
 Next Bits: [0x0000026fe25c0000, 0x0000026fe3cb8000)

Polling page: 0x0000026fcbf80000

Metaspace:

Usage:
  Non-class:     54.90 MB used.
      Class:      7.19 MB used.
       Both:     62.10 MB used.

Virtual space:
  Non-class space:       64.00 MB reserved,      55.06 MB ( 86%) committed,  1 nodes.
      Class space:        1.00 GB reserved,       7.31 MB ( <1%) committed,  1 nodes.
             Both:        1.06 GB reserved,      62.38 MB (  6%) committed. 

Chunk freelists:
   Non-Class:  8.58 MB
       Class:  8.64 MB
        Both:  17.22 MB

MaxMetaspaceSize: unlimited
CompressedClassSpaceSize: 1.00 GB
Initial GC threshold: 21.00 MB
Current GC threshold: 98.12 MB
CDS: off
MetaspaceReclaimPolicy: balanced
 - commit_granule_bytes: 65536.
 - commit_granule_words: 8192.
 - virtual_space_node_default_size: 8388608.
 - enlarge_chunks_in_place: 1.
 - new_chunks_are_fully_committed: 0.
 - uncommit_free_chunks: 1.
 - use_allocation_guard: 0.
 - handle_deallocations: 1.


Internal statistics:

num_allocs_failed_limit: 3.
num_arena_births: 202.
num_arena_deaths: 0.
num_vsnodes_births: 2.
num_vsnodes_deaths: 0.
num_space_committed: 996.
num_space_uncommitted: 0.
num_chunks_returned_to_freelist: 3.
num_chunks_taken_from_freelist: 2009.
num_chunk_merges: 3.
num_chunk_splits: 1728.
num_chunks_enlarged: 1590.
num_inconsistent_stats: 0.

CodeHeap 'non-profiled nmethods': size=120000Kb used=2379Kb max_used=2528Kb free=117620Kb
 bounds [0x0000026fd8680000, 0x0000026fd8900000, 0x0000026fdfbb0000]
CodeHeap 'profiled nmethods': size=120000Kb used=11544Kb max_used=13224Kb free=108455Kb
 bounds [0x0000026fd0bb0000, 0x0000026fd18a0000, 0x0000026fd80e0000]
CodeHeap 'non-nmethods': size=5760Kb used=1365Kb max_used=1404Kb free=4394Kb
 bounds [0x0000026fd80e0000, 0x0000026fd8350000, 0x0000026fd8680000]
 total_blobs=5853 nmethods=5157 adapters=607
 compilation: enabled
              stopped_count=0, restarted_count=0
 full_count=0

Compilation events (20 events):
Event: 5.619 Thread 0x0000026fe6a051f0 nmethod 5942 0x0000026fd0dcf490 code [0x0000026fd0dcf620, 0x0000026fd0dcf748]
Event: 5.619 Thread 0x0000026fe6a051f0 5943       3       org.jetbrains.kotlin.types.AbstractTypeApproximator::argumentsCount (18 bytes)
Event: 5.619 Thread 0x0000026fe6a051f0 nmethod 5943 0x0000026fd0f31410 code [0x0000026fd0f31620, 0x0000026fd0f31c88]
Event: 5.619 Thread 0x0000026fe6a051f0 5944       3       org.jetbrains.kotlin.types.model.TypeSystemContextKt::convertVariance (67 bytes)
Event: 5.620 Thread 0x0000026fe6a051f0 nmethod 5944 0x0000026fd14d0010 code [0x0000026fd14d0260, 0x0000026fd14d0a08]
Event: 5.620 Thread 0x0000026fe6a051f0 5946       3       org.jetbrains.kotlin.backend.jvm.MemoizedMultiFieldValueClassReplacements::quickCheckIfFunctionIsNotApplicable (205 bytes)
Event: 5.620 Thread 0x0000026fe6a051f0 nmethod 5946 0x0000026fd1279d10 code [0x0000026fd127a120, 0x0000026fd127c128]
Event: 5.620 Thread 0x0000026fe6a051f0 5949       2       kotlin.sequences.FlatteningSequence$iterator$1::hasNext (5 bytes)
Event: 5.621 Thread 0x0000026fe6a051f0 nmethod 5949 0x0000026fd0deda10 code [0x0000026fd0dedba0, 0x0000026fd0dedcc8]
Event: 5.621 Thread 0x0000026fe6a051f0 5945       3       org.jetbrains.kotlin.ir.declarations.lazy.IrLazyValueParameter::getType (19 bytes)
Event: 5.621 Thread 0x0000026fe6a051f0 nmethod 5945 0x0000026fd1300f10 code [0x0000026fd13010c0, 0x0000026fd1301388]
Event: 5.621 Thread 0x0000026fe6a051f0 5947       3       org.jetbrains.kotlin.backend.jvm.MemoizedValueClassAbstractReplacements::getReplacementFunction (32 bytes)
Event: 5.621 Thread 0x0000026fe6a051f0 nmethod 5947 0x0000026fd0f9d810 code [0x0000026fd0f9da60, 0x0000026fd0f9e388]
Event: 5.621 Thread 0x0000026fe6a051f0 5948       3       org.jetbrains.kotlin.backend.jvm.MemoizedValueClassAbstractReplacements::replaceOverriddenSymbols (38 bytes)
Event: 5.621 Thread 0x0000026fe6a051f0 nmethod 5948 0x0000026fd1230110 code [0x0000026fd1230360, 0x0000026fd1230d08]
Event: 5.621 Thread 0x0000026fe6a051f0 5956       3       org.jetbrains.kotlin.descriptors.annotations.CompositeAnnotations::hasAnnotation (73 bytes)
Event: 5.622 Thread 0x0000026fe6a051f0 nmethod 5956 0x0000026fd0bf2890 code [0x0000026fd0bf2ba0, 0x0000026fd0bf3e38]
Event: 5.622 Thread 0x0000026fe6a051f0 5951       3       org.jetbrains.kotlin.ir.util.DeclarationStubGenerator::generateValueParameterStub$ir_tree (135 bytes)
Event: 5.623 Thread 0x0000026fe6a051f0 nmethod 5951 0x0000026fd15e6610 code [0x0000026fd15e6920, 0x0000026fd15e7b98]
Event: 5.623 Thread 0x0000026fe6a051f0 5957       3       org.jetbrains.kotlin.load.java.typeEnhancement.EnhancedTypeAnnotations::hasAnnotation (6 bytes)

GC Heap History (20 events):
Event: 2.047 GC heap before
{Heap before GC invocations=6 (full 0):
 garbage-first heap   total 40960K, used 31987K [0x00000000a4200000, 0x0000000100000000)
  region size 1024K, 13 young (13312K), 2 survivors (2048K)
 Metaspace       used 32749K, committed 33024K, reserved 1114112K
  class space    used 4171K, committed 4288K, reserved 1048576K
}
Event: 2.054 GC heap after
{Heap after GC invocations=7 (full 0):
 garbage-first heap   total 62464K, used 23145K [0x00000000a4200000, 0x0000000100000000)
  region size 1024K, 2 young (2048K), 2 survivors (2048K)
 Metaspace       used 32749K, committed 33024K, reserved 1114112K
  class space    used 4171K, committed 4288K, reserved 1048576K
}
Event: 2.348 GC heap before
{Heap before GC invocations=8 (full 0):
 garbage-first heap   total 62464K, used 43625K [0x00000000a4200000, 0x0000000100000000)
  region size 1024K, 22 young (22528K), 2 survivors (2048K)
 Metaspace       used 37134K, committed 37376K, reserved 1114112K
  class space    used 4674K, committed 4800K, reserved 1048576K
}
Event: 2.355 GC heap after
{Heap after GC invocations=9 (full 0):
 garbage-first heap   total 62464K, used 23897K [0x00000000a4200000, 0x0000000100000000)
  region size 1024K, 3 young (3072K), 3 survivors (3072K)
 Metaspace       used 37134K, committed 37376K, reserved 1114112K
  class space    used 4674K, committed 4800K, reserved 1048576K
}
Event: 2.705 GC heap before
{Heap before GC invocations=9 (full 0):
 garbage-first heap   total 62464K, used 43353K [0x00000000a4200000, 0x0000000100000000)
  region size 1024K, 23 young (23552K), 3 survivors (3072K)
 Metaspace       used 41329K, committed 41536K, reserved 1114112K
  class space    used 5039K, committed 5120K, reserved 1048576K
}
Event: 2.712 GC heap after
{Heap after GC invocations=10 (full 0):
 garbage-first heap   total 62464K, used 26441K [0x00000000a4200000, 0x0000000100000000)
  region size 1024K, 3 young (3072K), 3 survivors (3072K)
 Metaspace       used 41329K, committed 41536K, reserved 1114112K
  class space    used 5039K, committed 5120K, reserved 1048576K
}
Event: 3.047 GC heap before
{Heap before GC invocations=10 (full 0):
 garbage-first heap   total 62464K, used 45897K [0x00000000a4200000, 0x0000000100000000)
  region size 1024K, 22 young (22528K), 3 survivors (3072K)
 Metaspace       used 46056K, committed 46272K, reserved 1114112K
  class space    used 5625K, committed 5696K, reserved 1048576K
}
Event: 3.053 GC heap after
{Heap after GC invocations=11 (full 0):
 garbage-first heap   total 62464K, used 27531K [0x00000000a4200000, 0x0000000100000000)
  region size 1024K, 2 young (2048K), 2 survivors (2048K)
 Metaspace       used 46056K, committed 46272K, reserved 1114112K
  class space    used 5625K, committed 5696K, reserved 1048576K
}
Event: 3.438 GC heap before
{Heap before GC invocations=11 (full 0):
 garbage-first heap   total 62464K, used 49035K [0x00000000a4200000, 0x0000000100000000)
  region size 1024K, 21 young (21504K), 2 survivors (2048K)
 Metaspace       used 49223K, committed 49408K, reserved 1114112K
  class space    used 5977K, committed 6080K, reserved 1048576K
}
Event: 3.448 GC heap after
{Heap after GC invocations=12 (full 0):
 garbage-first heap   total 75776K, used 32768K [0x00000000a4200000, 0x0000000100000000)
  region size 1024K, 3 young (3072K), 3 survivors (3072K)
 Metaspace       used 49223K, committed 49408K, reserved 1114112K
  class space    used 5977K, committed 6080K, reserved 1048576K
}
Event: 4.033 GC heap before
{Heap before GC invocations=12 (full 0):
 garbage-first heap   total 75776K, used 57344K [0x00000000a4200000, 0x0000000100000000)
  region size 1024K, 27 young (27648K), 3 survivors (3072K)
 Metaspace       used 51540K, committed 51776K, reserved 1114112K
  class space    used 6157K, committed 6272K, reserved 1048576K
}
Event: 4.044 GC heap after
{Heap after GC invocations=13 (full 0):
 garbage-first heap   total 75776K, used 37014K [0x00000000a4200000, 0x0000000100000000)
  region size 1024K, 4 young (4096K), 4 survivors (4096K)
 Metaspace       used 51540K, committed 51776K, reserved 1114112K
  class space    used 6157K, committed 6272K, reserved 1048576K
}
Event: 4.162 GC heap before
{Heap before GC invocations=13 (full 0):
 garbage-first heap   total 75776K, used 57494K [0x00000000a4200000, 0x0000000100000000)
  region size 1024K, 24 young (24576K), 4 survivors (4096K)
 Metaspace       used 51718K, committed 51968K, reserved 1114112K
  class space    used 6159K, committed 6272K, reserved 1048576K
}
Event: 4.169 GC heap after
{Heap after GC invocations=14 (full 0):
 garbage-first heap   total 75776K, used 37849K [0x00000000a4200000, 0x0000000100000000)
  region size 1024K, 1 young (1024K), 1 survivors (1024K)
 Metaspace       used 51718K, committed 51968K, reserved 1114112K
  class space    used 6159K, committed 6272K, reserved 1048576K
}
Event: 4.573 GC heap before
{Heap before GC invocations=14 (full 0):
 garbage-first heap   total 75776K, used 58329K [0x00000000a4200000, 0x0000000100000000)
  region size 1024K, 22 young (22528K), 1 survivors (1024K)
 Metaspace       used 53577K, committed 53824K, reserved 1114112K
  class space    used 6327K, committed 6464K, reserved 1048576K
}
Event: 4.583 GC heap after
{Heap after GC invocations=15 (full 0):
 garbage-first heap   total 75776K, used 40952K [0x00000000a4200000, 0x0000000100000000)
  region size 1024K, 3 young (3072K), 3 survivors (3072K)
 Metaspace       used 53577K, committed 53824K, reserved 1114112K
  class space    used 6327K, committed 6464K, reserved 1048576K
}
Event: 4.927 GC heap before
{Heap before GC invocations=16 (full 0):
 garbage-first heap   total 75776K, used 58360K [0x00000000a4200000, 0x0000000100000000)
  region size 1024K, 21 young (21504K), 3 survivors (3072K)
 Metaspace       used 56854K, committed 57152K, reserved 1114112K
  class space    used 6667K, committed 6784K, reserved 1048576K
}
Event: 4.937 GC heap after
{Heap after GC invocations=17 (full 0):
 garbage-first heap   total 75776K, used 43683K [0x00000000a4200000, 0x0000000100000000)
  region size 1024K, 3 young (3072K), 3 survivors (3072K)
 Metaspace       used 56854K, committed 57152K, reserved 1114112K
  class space    used 6667K, committed 6784K, reserved 1048576K
}
Event: 5.261 GC heap before
{Heap before GC invocations=17 (full 0):
 garbage-first heap   total 75776K, used 58019K [0x00000000a4200000, 0x0000000100000000)
  region size 1024K, 18 young (18432K), 3 survivors (3072K)
 Metaspace       used 59462K, committed 59776K, reserved 1114112K
  class space    used 6922K, committed 7040K, reserved 1048576K
}
Event: 5.269 GC heap after
{Heap after GC invocations=18 (full 0):
 garbage-first heap   total 98304K, used 45797K [0x00000000a4200000, 0x0000000100000000)
  region size 1024K, 2 young (2048K), 2 survivors (2048K)
 Metaspace       used 59462K, committed 59776K, reserved 1114112K
  class space    used 6922K, committed 7040K, reserved 1048576K
}

Dll operation events (2 events):
Event: 0.008 Loaded shared library C:\Program Files\Android\Android Studio\jbr\bin\java.dll
Event: 1.010 Loaded shared library C:\Program Files\Android\Android Studio\jbr\bin\verify.dll

Deoptimization events (20 events):
Event: 5.360 Thread 0x0000026fcbecdef0 Uncommon trap: trap_request=0xffffff45 fr.pc=0x0000026fd8890218 relative=0x0000000000000b58
Event: 5.360 Thread 0x0000026fcbecdef0 Uncommon trap: reason=unstable_if action=reinterpret pc=0x0000026fd8890218 method=gnu.trove.TObjectHash.insertionIndex(Ljava/lang/Object;)I @ 80 c2
Event: 5.360 Thread 0x0000026fcbecdef0 DEOPT PACKING pc=0x0000026fd8890218 sp=0x000000f6fc3fd920
Event: 5.360 Thread 0x0000026fcbecdef0 DEOPT UNPACKING pc=0x0000026fd81369a3 sp=0x000000f6fc3fd8b8 mode 2
Event: 5.362 Thread 0x0000026fcbecdef0 Uncommon trap: trap_request=0xffffff45 fr.pc=0x0000026fd8862478 relative=0x0000000000007578
Event: 5.362 Thread 0x0000026fcbecdef0 Uncommon trap: reason=unstable_if action=reinterpret pc=0x0000026fd8862478 method=org.jetbrains.org.objectweb.asm.ClassReader.readMethod(Lorg/jetbrains/org/objectweb/asm/ClassVisitor;Lorg/jetbrains/org/objectweb/asm/Context;I)I @ 414 c2
Event: 5.362 Thread 0x0000026fcbecdef0 DEOPT PACKING pc=0x0000026fd8862478 sp=0x000000f6fc3fd630
Event: 5.362 Thread 0x0000026fcbecdef0 DEOPT UNPACKING pc=0x0000026fd81369a3 sp=0x000000f6fc3fd5d8 mode 2
Event: 5.518 Thread 0x0000026fcbecdef0 Uncommon trap: trap_request=0xffffffde fr.pc=0x0000026fd88b8320 relative=0x0000000000001f80
Event: 5.518 Thread 0x0000026fcbecdef0 Uncommon trap: reason=class_check action=maybe_recompile pc=0x0000026fd88b8320 method=org.jetbrains.kotlin.serialization.deserialization.descriptors.DeserializedPackageMemberScope.hasClass(Lorg/jetbrains/kotlin/name/Name;)Z @ 79 c2
Event: 5.518 Thread 0x0000026fcbecdef0 DEOPT PACKING pc=0x0000026fd88b8320 sp=0x000000f6fc3fc6f0
Event: 5.518 Thread 0x0000026fcbecdef0 DEOPT UNPACKING pc=0x0000026fd81369a3 sp=0x000000f6fc3fc5d0 mode 2
Event: 5.518 Thread 0x0000026fcbecdef0 Uncommon trap: trap_request=0xffffffc6 fr.pc=0x0000026fd882e950 relative=0x0000000000000f10
Event: 5.518 Thread 0x0000026fcbecdef0 Uncommon trap: reason=bimorphic_or_optimized_type_check action=maybe_recompile pc=0x0000026fd882e950 method=kotlin.collections.CollectionsKt___CollectionsKt.toList(Ljava/lang/Iterable;)Ljava/util/List; @ 71 c2
Event: 5.518 Thread 0x0000026fcbecdef0 DEOPT PACKING pc=0x0000026fd882e950 sp=0x000000f6fc3fc850
Event: 5.518 Thread 0x0000026fcbecdef0 DEOPT UNPACKING pc=0x0000026fd81369a3 sp=0x000000f6fc3fc820 mode 2
Event: 5.518 Thread 0x0000026fcbecdef0 Uncommon trap: trap_request=0xffffffde fr.pc=0x0000026fd87fb95c relative=0x00000000000000bc
Event: 5.518 Thread 0x0000026fcbecdef0 Uncommon trap: reason=class_check action=maybe_recompile pc=0x0000026fd87fb95c method=java.util.Collections$UnmodifiableCollection$1.next()Ljava/lang/Object; @ 4 c2
Event: 5.518 Thread 0x0000026fcbecdef0 DEOPT PACKING pc=0x0000026fd87fb95c sp=0x000000f6fc3fc800
Event: 5.518 Thread 0x0000026fcbecdef0 DEOPT UNPACKING pc=0x0000026fd81369a3 sp=0x000000f6fc3fc7b0 mode 2

Classes unloaded (0 events):
No events

Classes redefined (0 events):
No events

Internal exceptions (20 events):
Event: 1.212 Thread 0x0000026fcbecdef0 Exception <a 'java/lang/NoSuchMethodError'{0x00000000a63fcb88}: 'int java.lang.invoke.DirectMethodHandle$Holder.invokeStaticInit(java.lang.Object, java.lang.Object, java.lang.Object)'> (0x00000000a63fcb88) 
thrown [s\src\hotspot\share\interpreter\linkResolver.cpp, line 771]
Event: 1.217 Thread 0x0000026fcbecdef0 Exception <a 'java/lang/NoSuchMethodError'{0x00000000a6225778}: 'int java.lang.invoke.DirectMethodHandle$Holder.invokeStaticInit(java.lang.Object, java.lang.Object)'> (0x00000000a6225778) 
thrown [s\src\hotspot\share\interpreter\linkResolver.cpp, line 771]
Event: 1.235 Thread 0x0000026fcbecdef0 Exception <a 'java/lang/NoSuchMethodError'{0x00000000a6101118}: 'void java.lang.invoke.DirectMethodHandle$Holder.invokeSpecial(java.lang.Object, java.lang.Object, java.lang.Object)'> (0x00000000a6101118) 
thrown [s\src\hotspot\share\interpreter\linkResolver.cpp, line 771]
Event: 1.496 Thread 0x0000026fcbecdef0 Exception <a 'java/lang/NoSuchMethodError'{0x00000000a56d31c8}: 'void java.lang.invoke.DirectMethodHandle$Holder.invokeStatic(java.lang.Object, java.lang.Object, java.lang.Object, java.lang.Object)'> (0x00000000a56d31c8) 
thrown [s\src\hotspot\share\interpreter\linkResolver.cpp, line 771]
Event: 1.572 Thread 0x0000026fcbecdef0 Exception <a 'java/lang/NoSuchMethodError'{0x00000000a9dc99b8}: 'void java.lang.invoke.DirectMethodHandle$Holder.invokeStaticInit(java.lang.Object, java.lang.Object)'> (0x00000000a9dc99b8) 
thrown [s\src\hotspot\share\interpreter\linkResolver.cpp, line 771]
Event: 1.650 Thread 0x0000026fcbecdef0 Exception <a 'java/lang/NoSuchMethodError'{0x00000000a78f8c48}: 'void java.lang.invoke.DirectMethodHandle$Holder.invokeVirtual(java.lang.Object, java.lang.Object)'> (0x00000000a78f8c48) 
thrown [s\src\hotspot\share\interpreter\linkResolver.cpp, line 771]
Event: 1.662 Thread 0x0000026fcbecdef0 Exception <a 'java/lang/NoSuchMethodError'{0x00000000a6484d40}: 'int java.lang.invoke.DirectMethodHandle$Holder.invokeVirtual(java.lang.Object, java.lang.Object)'> (0x00000000a6484d40) 
thrown [s\src\hotspot\share\interpreter\linkResolver.cpp, line 771]
Event: 1.681 Thread 0x0000026fcbecdef0 Exception <a 'java/lang/NoSuchMethodError'{0x00000000a632bf60}: 'java.lang.Object java.lang.invoke.Invokers$Holder.invokeExact_MT(java.lang.Object, java.lang.Object, java.lang.Object, java.lang.Object, java.lang.Object, java.lang.Object)'> (0x00000000a632bf60) 
thrown [s\src\hotspot\share\interpreter\linkResolver.cpp, line 771]
Event: 2.260 Thread 0x0000026fcbecdef0 Exception <a 'java/lang/NoSuchMethodError'{0x00000000a7181858}: 'java.lang.Object java.lang.invoke.DirectMethodHandle$Holder.invokeVirtual(java.lang.Object, java.lang.Object, java.lang.Object)'> (0x00000000a7181858) 
thrown [s\src\hotspot\share\interpreter\linkResolver.cpp, line 771]
Event: 2.982 Thread 0x0000026fcbecdef0 Exception <a 'java/lang/NoSuchMethodError'{0x00000000a6fcf6a8}: 'java.lang.Object java.lang.invoke.DirectMethodHandle$Holder.newInvokeSpecial(java.lang.Object, java.lang.Object, java.lang.Object, int)'> (0x00000000a6fcf6a8) 
thrown [s\src\hotspot\share\interpreter\linkResolver.cpp, line 771]
Event: 2.983 Thread 0x0000026fcbecdef0 Exception <a 'java/lang/NoSuchMethodError'{0x00000000a6fd3d30}: 'java.lang.Object java.lang.invoke.DirectMethodHandle$Holder.invokeSpecial(java.lang.Object, java.lang.Object, java.lang.Object, java.lang.Object, int)'> (0x00000000a6fd3d30) 
thrown [s\src\hotspot\share\interpreter\linkResolver.cpp, line 771]
Event: 2.984 Thread 0x0000026fcbecdef0 Exception <a 'java/lang/NoSuchMethodError'{0x00000000a6fd7de8}: 'java.lang.Object java.lang.invoke.Invokers$Holder.linkToTargetMethod(java.lang.Object, java.lang.Object, int, java.lang.Object)'> (0x00000000a6fd7de8) 
thrown [s\src\hotspot\share\interpreter\linkResolver.cpp, line 771]
Event: 3.033 Thread 0x0000026fcbecdef0 Implicit null exception at 0x0000026fd879dcd5 to 0x0000026fd879ddb0
Event: 3.178 Thread 0x0000026fcbecdef0 Exception <a 'java/lang/NoSuchMethodError'{0x00000000a7808470}: 'java.lang.Object java.lang.invoke.DirectMethodHandle$Holder.invokeInterface(java.lang.Object, java.lang.Object)'> (0x00000000a7808470) 
thrown [s\src\hotspot\share\interpreter\linkResolver.cpp, line 771]
Event: 3.180 Thread 0x0000026fcbecdef0 Exception <a 'java/lang/NoSuchMethodError'{0x00000000a7817288}: 'java.lang.Object java.lang.invoke.DirectMethodHandle$Holder.newInvokeSpecial(java.lang.Object, java.lang.Object, int)'> (0x00000000a7817288) 
thrown [s\src\hotspot\share\interpreter\linkResolver.cpp, line 771]
Event: 3.551 Thread 0x0000026fcbecdef0 Exception <a 'java/lang/NoSuchMethodError'{0x00000000a86e9178}: 'java.lang.Object java.lang.invoke.DirectMethodHandle$Holder.invokeStaticInit(java.lang.Object, java.lang.Object, java.lang.Object)'> (0x00000000a86e9178) 
thrown [s\src\hotspot\share\interpreter\linkResolver.cpp, line 771]
Event: 4.631 Thread 0x0000026fcbecdef0 Implicit null exception at 0x0000026fd8718471 to 0x0000026fd8718658
Event: 4.631 Thread 0x0000026fcbecdef0 Implicit null exception at 0x0000026fd86cf4f1 to 0x0000026fd86cf6d8
Event: 4.631 Thread 0x0000026fcbecdef0 Implicit null exception at 0x0000026fd86e018f to 0x0000026fd86e0205
Event: 4.961 Thread 0x0000026fcbecdef0 Implicit null exception at 0x0000026fd86e6bd8 to 0x0000026fd86e6c6a

VM Operations (20 events):
Event: 5.372 Executing VM operation: HandshakeAllThreads
Event: 5.372 Executing VM operation: HandshakeAllThreads done
Event: 5.373 Executing VM operation: HandshakeAllThreads
Event: 5.373 Executing VM operation: HandshakeAllThreads done
Event: 5.381 Executing VM operation: HandshakeAllThreads
Event: 5.381 Executing VM operation: HandshakeAllThreads done
Event: 5.407 Executing VM operation: HandshakeAllThreads
Event: 5.407 Executing VM operation: HandshakeAllThreads done
Event: 5.413 Executing VM operation: HandshakeAllThreads
Event: 5.413 Executing VM operation: HandshakeAllThreads done
Event: 5.416 Executing VM operation: HandshakeAllThreads
Event: 5.416 Executing VM operation: HandshakeAllThreads done
Event: 5.490 Executing VM operation: HandshakeAllThreads
Event: 5.490 Executing VM operation: HandshakeAllThreads done
Event: 5.522 Executing VM operation: ICBufferFull
Event: 5.522 Executing VM operation: ICBufferFull done
Event: 5.574 Executing VM operation: HandshakeAllThreads
Event: 5.574 Executing VM operation: HandshakeAllThreads done
Event: 5.579 Executing VM operation: HandshakeAllThreads
Event: 5.579 Executing VM operation: HandshakeAllThreads done

Events (20 events):
Event: 5.258 Thread 0x0000026fe6a0e010 flushing nmethod 0x0000026fd1658490
Event: 5.258 Thread 0x0000026fe6a0e010 flushing nmethod 0x0000026fd1664410
Event: 5.258 Thread 0x0000026fe6a0e010 flushing nmethod 0x0000026fd1664a90
Event: 5.259 Thread 0x0000026fe6a0e010 flushing nmethod 0x0000026fd167fd10
Event: 5.259 Thread 0x0000026fe6a0e010 flushing nmethod 0x0000026fd1685190
Event: 5.259 Thread 0x0000026fe6a0e010 flushing nmethod 0x0000026fd16b0810
Event: 5.259 Thread 0x0000026fe6a0e010 flushing nmethod 0x0000026fd16bca90
Event: 5.259 Thread 0x0000026fe6a0e010 flushing nmethod 0x0000026fd16bcf10
Event: 5.259 Thread 0x0000026fe6a0e010 flushing nmethod 0x0000026fd16ce990
Event: 5.259 Thread 0x0000026fe6a0e010 flushing nmethod 0x0000026fd16d5490
Event: 5.259 Thread 0x0000026fe6a0e010 flushing nmethod 0x0000026fd16eff10
Event: 5.259 Thread 0x0000026fe6a0e010 flushing nmethod 0x0000026fd1702410
Event: 5.259 Thread 0x0000026fe6a0e010 flushing nmethod 0x0000026fd1706f90
Event: 5.259 Thread 0x0000026fe6a0e010 flushing nmethod 0x0000026fd1708310
Event: 5.259 Thread 0x0000026fe6a0e010 flushing nmethod 0x0000026fd170bd90
Event: 5.259 Thread 0x0000026fe6a0e010 flushing nmethod 0x0000026fd170e090
Event: 5.259 Thread 0x0000026fe6a0e010 flushing nmethod 0x0000026fd1739190
Event: 5.259 Thread 0x0000026fe6a0e010 flushing nmethod 0x0000026fd173b390
Event: 5.259 Thread 0x0000026fe6a0e010 flushing nmethod 0x0000026fd173eb90
Event: 5.259 Thread 0x0000026fe6a0e010 flushing nmethod 0x0000026fd1798a90


Dynamic libraries:
0x00007ff638d40000 - 0x00007ff638d4a000 	C:\Program Files\Android\Android Studio\jbr\bin\java.exe
0x00007ffdda7b0000 - 0x00007ffdda9c7000 	C:\Windows\SYSTEM32\ntdll.dll
0x00007ffdd93a0000 - 0x00007ffdd9464000 	C:\Windows\System32\KERNEL32.DLL
0x00007ffdd7f50000 - 0x00007ffdd8307000 	C:\Windows\System32\KERNELBASE.dll
0x00007ffdd8390000 - 0x00007ffdd84a1000 	C:\Windows\System32\ucrtbase.dll
0x00007ffdc2640000 - 0x00007ffdc2657000 	C:\Program Files\Android\Android Studio\jbr\bin\jli.dll
0x00007ffdcd0c0000 - 0x00007ffdcd0db000 	C:\Program Files\Android\Android Studio\jbr\bin\VCRUNTIME140.dll
0x00007ffdd9080000 - 0x00007ffdd922f000 	C:\Windows\System32\USER32.dll
0x00007ffdc3e00000 - 0x00007ffdc4093000 	C:\Windows\WinSxS\amd64_microsoft.windows.common-controls_6595b64144ccf1df_6.0.22621.3672_none_2713b9d173822955\COMCTL32.dll
0x00007ffdd92e0000 - 0x00007ffdd9387000 	C:\Windows\System32\msvcrt.dll
0x00007ffdd7c50000 - 0x00007ffdd7c76000 	C:\Windows\System32\win32u.dll
0x00007ffdd9b10000 - 0x00007ffdd9b39000 	C:\Windows\System32\GDI32.dll
0x00007ffdd7ac0000 - 0x00007ffdd7bd8000 	C:\Windows\System32\gdi32full.dll
0x00007ffdd7c80000 - 0x00007ffdd7d1a000 	C:\Windows\System32\msvcp_win.dll
0x00007ffdd9e00000 - 0x00007ffdd9e31000 	C:\Windows\System32\IMM32.DLL
0x00007ffdd2810000 - 0x00007ffdd281c000 	C:\Program Files\Android\Android Studio\jbr\bin\vcruntime140_1.dll
0x00007ffdb6140000 - 0x00007ffdb61cd000 	C:\Program Files\Android\Android Studio\jbr\bin\msvcp140.dll
0x00007ffd83ce0000 - 0x00007ffd84963000 	C:\Program Files\Android\Android Studio\jbr\bin\server\jvm.dll
0x00007ffdd9800000 - 0x00007ffdd98b2000 	C:\Windows\System32\ADVAPI32.dll
0x00007ffdd9940000 - 0x00007ffdd99e8000 	C:\Windows\System32\sechost.dll
0x00007ffdd84b0000 - 0x00007ffdd84d8000 	C:\Windows\System32\bcrypt.dll
0x00007ffdd99f0000 - 0x00007ffdd9b04000 	C:\Windows\System32\RPCRT4.dll
0x00007ffdd77e0000 - 0x00007ffdd782d000 	C:\Windows\SYSTEM32\POWRPROF.dll
0x00007ffdcbbe0000 - 0x00007ffdcbbea000 	C:\Windows\SYSTEM32\VERSION.dll
0x00007ffdba620000 - 0x00007ffdba629000 	C:\Windows\SYSTEM32\WSOCK32.dll
0x00007ffdd9230000 - 0x00007ffdd92a1000 	C:\Windows\System32\WS2_32.dll
0x00007ffdd30a0000 - 0x00007ffdd30d4000 	C:\Windows\SYSTEM32\WINMM.dll
0x00007ffdd77c0000 - 0x00007ffdd77d3000 	C:\Windows\SYSTEM32\UMPDC.dll
0x00007ffdd6b10000 - 0x00007ffdd6b28000 	C:\Windows\SYSTEM32\kernel.appcore.dll
0x00007ffdd1f80000 - 0x00007ffdd1f8a000 	C:\Program Files\Android\Android Studio\jbr\bin\jimage.dll
0x00007ffdd5490000 - 0x00007ffdd56c2000 	C:\Windows\SYSTEM32\DBGHELP.DLL
0x00007ffdd9470000 - 0x00007ffdd97fe000 	C:\Windows\System32\combase.dll
0x00007ffdda210000 - 0x00007ffdda2e7000 	C:\Windows\System32\OLEAUT32.dll
0x00007ffdc06f0000 - 0x00007ffdc0722000 	C:\Windows\SYSTEM32\dbgcore.DLL
0x00007ffdd8310000 - 0x00007ffdd838b000 	C:\Windows\System32\bcryptPrimitives.dll
0x00007ffdcce20000 - 0x00007ffdcce45000 	C:\Program Files\Android\Android Studio\jbr\bin\java.dll
0x00007ffdcd050000 - 0x00007ffdcd068000 	C:\Program Files\Android\Android Studio\jbr\bin\zip.dll
0x00007ffdd8540000 - 0x00007ffdd8da9000 	C:\Windows\System32\SHELL32.dll
0x00007ffdd59f0000 - 0x00007ffdd62ef000 	C:\Windows\SYSTEM32\windows.storage.dll
0x00007ffdd58b0000 - 0x00007ffdd59ef000 	C:\Windows\SYSTEM32\wintypes.dll
0x00007ffdd9ff0000 - 0x00007ffdda0e9000 	C:\Windows\System32\SHCORE.dll
0x00007ffdd84e0000 - 0x00007ffdd853e000 	C:\Windows\System32\shlwapi.dll
0x00007ffdd79f0000 - 0x00007ffdd7a17000 	C:\Windows\SYSTEM32\profapi.dll
0x00007ffdc3ae0000 - 0x00007ffdc3af9000 	C:\Program Files\Android\Android Studio\jbr\bin\net.dll
0x00007ffdd40c0000 - 0x00007ffdd41f6000 	C:\Windows\SYSTEM32\WINHTTP.dll
0x00007ffdd6f80000 - 0x00007ffdd6fe9000 	C:\Windows\system32\mswsock.dll
0x00007ffdc2720000 - 0x00007ffdc2736000 	C:\Program Files\Android\Android Studio\jbr\bin\nio.dll
0x00007ffdccd60000 - 0x00007ffdccd70000 	C:\Program Files\Android\Android Studio\jbr\bin\verify.dll

dbghelp: loaded successfully - version: 4.0.5 - missing functions: none
symbol engine: initialized successfully - sym options: 0x614 - pdb path: .;C:\Program Files\Android\Android Studio\jbr\bin;C:\Windows\SYSTEM32;C:\Windows\WinSxS\amd64_microsoft.windows.common-controls_6595b64144ccf1df_6.0.22621.3672_none_2713b9d173822955;C:\Program Files\Android\Android Studio\jbr\bin\server

VM Arguments:
java_command: org.jetbrains.kotlin.cli.jvm.K2JVMCompiler @D:\SEMESTER 5\Pemrograman Mobile\uidesigntocode_2\uidesigntocode_2\build\app\20241020_4938907877718357919.compiler.options
java_class_path (initial): C:\Users\LENOVO\.gradle\caches\modules-2\files-2.1\org.jetbrains.kotlin\kotlin-compiler-embeddable\1.8.22\e2cf111da088dc807a74157741b4cd4b664edfb7\kotlin-compiler-embeddable-1.8.22.jar;C:\Users\LENOVO\.gradle\caches\modules-2\files-2.1\org.jetbrains.kotlin\kotlin-stdlib\1.8.22\636bf8b320e7627482771bbac9ed7246773c02bd\kotlin-stdlib-1.8.22.jar;C:\Users\LENOVO\.gradle\caches\modules-2\files-2.1\org.jetbrains.kotlin\kotlin-script-runtime\1.8.22\ce5ff1f309623f8c1be5143bdba032c4a04cec3a\kotlin-script-runtime-1.8.22.jar;C:\Users\LENOVO\.gradle\caches\modules-2\files-2.1\org.jetbrains.kotlin\kotlin-reflect\1.6.10\1cbe9c92c12a94eea200d23c2bbaedaf3daf5132\kotlin-reflect-1.6.10.jar;C:\Users\LENOVO\.gradle\caches\modules-2\files-2.1\org.jetbrains.kotlin\kotlin-daemon-embeddable\1.8.22\7d9f7e06a59d2fcbc9b373400c146f42fd722e81\kotlin-daemon-embeddable-1.8.22.jar;C:\Users\LENOVO\.gradle\caches\modules-2\files-2.1\org.jetbrains.intellij.deps\trove4j\1.0.20200330\3afb14d5f9ceb459d724e907a21145e8ff394f02\trove4j-1.0.20200330.jar;C:\Users\LENOVO\.gradle\caches\modules-2\files-2.1\net.java.dev.jna\jna\5.6.0\330f2244e9030119ab3030fc3fededc86713d9cc\jna-5.6.0.jar;C:\Users\LENOVO\.gradle\caches\modules-2\files-2.1\org.jetbrains.kotlin\kotlin-stdlib-common\1.8.22\1a8e3601703ae14bb58757ea6b2d8e8e5935a586\kotlin-stdlib-common-1.8.22.jar;C:\Users\LENOVO\.gradle\caches\modules-2\files-2.1\org.jetbrains\annotations\13.0\919f0dfe192fb4e063e7dacadee7f8bb9a2672a9\annotations-13.0.jar
Launcher Type: SUN_STANDARD

[Global flags]
     intx CICompilerCount                          = 4                                         {product} {ergonomic}
     uint ConcGCThreads                            = 2                                         {product} {ergonomic}
     uint G1ConcRefinementThreads                  = 8                                         {product} {ergonomic}
   size_t G1HeapRegionSize                         = 1048576                                   {product} {ergonomic}
    uintx GCDrainStackTargetSize                   = 64                                        {product} {ergonomic}
   size_t InitialHeapSize                          = 96468992                                  {product} {ergonomic}
   size_t MarkStackSize                            = 4194304                                   {product} {ergonomic}
   size_t MaxHeapSize                              = 1541406720                                {product} {ergonomic}
   size_t MaxNewSize                               = 924844032                                 {product} {ergonomic}
   size_t MinHeapDeltaBytes                        = 1048576                                   {product} {ergonomic}
   size_t MinHeapSize                              = 8388608                                   {product} {ergonomic}
    uintx NonNMethodCodeHeapSize                   = 5839372                                {pd product} {ergonomic}
    uintx NonProfiledCodeHeapSize                  = 122909434                              {pd product} {ergonomic}
    uintx ProfiledCodeHeapSize                     = 122909434                              {pd product} {ergonomic}
    uintx ReservedCodeCacheSize                    = 251658240                              {pd product} {ergonomic}
     bool SegmentedCodeCache                       = true                                      {product} {ergonomic}
   size_t SoftMaxHeapSize                          = 1541406720                             {manageable} {ergonomic}
     bool UseCompressedClassPointers               = true                           {product lp64_product} {ergonomic}
     bool UseCompressedOops                        = true                           {product lp64_product} {ergonomic}
     bool UseG1GC                                  = true                                      {product} {ergonomic}
     bool UseLargePagesIndividualAllocation        = false                                  {pd product} {ergonomic}

Logging:
Log output configuration:
 #0: stdout all=warning uptime,level,tags
 #1: stderr all=off uptime,level,tags

Environment Variables:
JAVA_HOME=C:\Program Files\Android\Android Studio\jbr
CLASSPATH=D:\SEMESTER 5\Pemrograman Mobile\uidesigntocode_2\uidesigntocode_2\android\\gradle\wrapper\gradle-wrapper.jar
PATH=C:\Program Files\Android\Android Studio\jbr\bin;C:\Program Files\Common Files\Oracle\Java\javapath;C:\Program Files (x86)\Common Files\Oracle\Java\javapath;C:\Windows\system32;C:\Windows;C:\Windows\System32\Wbem;C:\Windows\System32\WindowsPowerShell\v1.0\;C:\Windows\System32\OpenSSH\;C:\Program Files\Graphviz\bin;C:\Users\LENOVO\Downloads\graphviz-11.0.0 (1);C:\ProgramData\ComposerSetup\bin;C:\XAMPP 8.2\php;C:\XAMPP8.2\php;C:\xampp\php;C:\Program Files\nodejs\;C:\Program Files\Git\cmd;C:\Users\LENOVO\AppData\Local\Programs\Python\Python311\Scripts\;C:\Users\LENOVO\AppData\Local\Programs\Python\Python311\;C:\Users\LENOVO\AppData\Local\Microsoft\WindowsApps;C:\Users\LENOVO\AppData\Local\Programs\Microsoft VS Code\bin;C:\Users\LENOVO\Downloads\flutter_windows_3.24.3-stable.zip\flutter\bin;D:\SEMESTER 5\Pemrograman Mobile\Flutter\flutter_windows_3.24.3-stable.zip\flutter\bin;C:\Flutter\flutter_windows_3.24.3-stable\flutter\bin;C:\Program Files\php-8.3 11;C:\Users\LENOVO\AppData\Roaming\Composer\vendor\bin;C:\Users\LENOVO\AppData\Roaming\npm;C:\Program Files\nodejs;;C:\Flutter\flutter_windows_3.24.3-stable\flutter\bin\mingit\cmd
USERNAME=LENOVO
OS=Windows_NT
PROCESSOR_IDENTIFIER=AMD64 Family 23 Model 160 Stepping 0, AuthenticAMD
TMP=C:\Users\LENOVO\AppData\Local\Temp
TEMP=C:\Users\LENOVO\AppData\Local\Temp



Periodic native trim disabled

JNI global refs:
JNI global refs: 10, weak refs: 14

JNI global refs memory usage: 843, weak refs: 841

Process memory usage:
Resident Set Size: 274384K (4% of 6018300K total physical memory with 317328K free physical memory)

OOME stack traces (most recent first):
Classloader memory used:
Loader jdk.internal.loader.ClassLoaders$AppClassLoader                                 : 6318K
Loader bootstrap                                                                       : 1593K
Loader jdk.internal.loader.ClassLoaders$PlatformClassLoader                            : 34443B
Loader jdk.internal.reflect.DelegatingClassLoader                                      : 5635B


---------------  S Y S T E M  ---------------

OS:
 Windows 11 , 64 bit Build 22621 (10.0.22621.3958)
OS uptime: 0 days 0:28 hours
Hyper-V role detected

CPU: total 8 (initial active 8) (8 cores per cpu, 2 threads per core) family 23 model 160 stepping 0 microcode 0x0, cx8, cmov, fxsr, ht, mmx, 3dnowpref, sse, sse2, sse3, ssse3, sse4a, sse4.1, sse4.2, popcnt, lzcnt, tsc, tscinvbit, avx, avx2, aes, clmul, bmi1, bmi2, adx, sha, fma, vzeroupper, clflush, clflushopt, hv
Processor Information for all 8 processors :
  Max Mhz: 2401, Current Mhz: 2401, Mhz Limit: 2401

Memory: 4k page, system-wide physical 5877M (309M free)
TotalPageFile size 20877M (AvailPageFile size 6M)
current process WorkingSet (physical memory assigned to process): 270M, peak: 270M
current process commit charge ("private bytes"): 309M, peak: 312M

vm_info: OpenJDK 64-Bit Server VM (17.0.11+0--11852314) for windows-amd64 JRE (17.0.11+0--11852314), built on May 16 2024 21:29:20 by "androidbuild" with MS VC++ 16.10 / 16.11 (VS2019)

END.
